usage: ssh [-46AaCfGgKkMNnqsTtVvXxYy] [-B bind_interface]
           [-b bind_address] [-c cipher_spec] [-D [bind_address:]port]
           [-E log_file] [-e escape_char] [-F configfile] [-I pkcs11]
           [-i identity_file] [-J [user@]host[:port]] [-L address]
           [-l login_name] [-m mac_spec] [-O ctl_cmd] [-o option] [-p port]
           [-Q query_option] [-R address] [-S ctl_path] [-W host:port]
           [-w local_tun[:remote_tun]] destination [command]
[I 2022-08-22 13:48:32.960 ServerApp] jupyterlab | extension was successfully linked.
[I 2022-08-22 13:48:35.033 ServerApp] nbclassic | extension was successfully linked.
[I 2022-08-22 13:48:35.310 LabApp] JupyterLab extension loaded from /sw/arch/Centos8/EB_production/2021/software/Anaconda3/2021.05/lib/python3.8/site-packages/jupyterlab
[I 2022-08-22 13:48:35.310 LabApp] JupyterLab application directory is /gpfs/admin/_hpc/sw/arch/AMD-ZEN2/Centos8/EB_production/2021/software/Anaconda3/2021.05/share/jupyter/lab
[I 2022-08-22 13:48:35.315 ServerApp] jupyterlab | extension was successfully loaded.
[I 2022-08-22 13:48:35.357 ServerApp] nbclassic | extension was successfully loaded.
[I 2022-08-22 13:48:35.358 ServerApp] Serving notebooks from local directory: /gpfs/home4/zimmer/neutrino_clustering_V2
[I 2022-08-22 13:48:35.358 ServerApp] Jupyter Server 1.4.1 is running at:
[I 2022-08-22 13:48:35.358 ServerApp] http://localhost:8897/lab?token=fdafbe965418cfc58208a248436dafe28d71c04cb6c228d7
[I 2022-08-22 13:48:35.358 ServerApp]  or http://127.0.0.1:8897/lab?token=fdafbe965418cfc58208a248436dafe28d71c04cb6c228d7
[I 2022-08-22 13:48:35.358 ServerApp] Use Control-C to stop this server and shut down all kernels (twice to skip confirmation).
[W 2022-08-22 13:48:35.379 ServerApp] No web browser found: could not locate runnable browser.
[C 2022-08-22 13:48:35.379 ServerApp] 
    
    To access the server, open this file in a browser:
        file:///gpfs/home4/zimmer/.local/share/jupyter/runtime/jpserver-1785358-open.html
    Or copy and paste one of these URLs:
        http://localhost:8897/lab?token=fdafbe965418cfc58208a248436dafe28d71c04cb6c228d7
     or http://127.0.0.1:8897/lab?token=fdafbe965418cfc58208a248436dafe28d71c04cb6c228d7
slurmstepd: error: *** JOB 1421053 ON tcn380 CANCELLED AT 2022-08-22T13:48:47 ***
