********Numerical Simulation: Mode=benchmark_all_sky********
Halo batch params (Rvir,Mvir,cNFW):
[[195.3424681   11.9007675   15.48444863]
 [194.97879531  11.89833964  13.51959415]
 [214.54252395  12.02291765  12.08975218]
 [199.37428206  11.9273849   11.35265197]
 [183.64964056  11.82034774  10.55165154]
 [177.88001291  11.77875895  10.30545612]
 [240.5941061   12.17223244  10.22142522]
 [209.30144442  11.99069417  10.09273464]
 [180.32118176  11.79651773  10.05675352]
 [255.14942265  12.24876126   9.80394087]
 [213.10930498  12.01418473   9.51800267]
 [192.47865208  11.8815252    9.4550728 ]
 [222.49963801  12.07036542   9.31457463]
 [246.34769058  12.20302298   9.30188562]
 [244.33141522  12.19231542   8.79795185]
 [184.67901268  11.82763012   8.55809029]
 [187.40111968  11.84669403   8.36287611]
 [202.10764251  11.9451257    8.06603798]
 [257.47239044  12.26056949   7.77063493]
 [188.26903005  11.85271415   7.69653869]
 [240.52254202  12.17184485   7.39127504]
 [207.56604357  11.97984641   7.24410871]
 [214.95037599  12.02539212   7.11221569]
 [207.31363261  11.97826108   7.07854006]
 [190.92998087  11.87099988   7.03921462]
 [240.37086032  12.17102294   6.93400558]
 [253.5523526   12.24058042   6.9286026 ]
 [209.71271559  11.99325178   6.87727775]
 [233.28108187  12.13201605   6.40366504]
 [196.2775635   11.90698947   6.00463057]]
***********************************
halo 1/30 (ID=53); snapshot 0012
DM Particles = 105076, cells = 400
halo 1/30 (ID=53); snapshot 0013
DM Particles = 138860, cells = 568
halo 1/30 (ID=53); snapshot 0014
DM Particles = 177908, cells = 568
halo 1/30 (ID=53); snapshot 0015
DM Particles = 221051, cells = 834
halo 1/30 (ID=53); snapshot 0016
DM Particles = 268379, cells = 960
halo 1/30 (ID=53); snapshot 0017
DM Particles = 318475, cells = 960
halo 1/30 (ID=53); snapshot 0018
DM Particles = 372108, cells = 1268
halo 1/30 (ID=53); snapshot 0019
DM Particles = 428157, cells = 1352
halo 1/30 (ID=53); snapshot 0020
DM Particles = 485249, cells = 1716
halo 1/30 (ID=53); snapshot 0021
DM Particles = 545545, cells = 2192
halo 1/30 (ID=53); snapshot 0022
DM Particles = 604332, cells = 2304
halo 1/30 (ID=53); snapshot 0023
DM Particles = 668737, cells = 2346
halo 1/30 (ID=53); snapshot 0024
DM Particles = 729365, cells = 2724
halo 1/30 (ID=53); snapshot 0025
DM Particles = 789473, cells = 2962
halo 1/30 (ID=53); snapshot 0026
DM Particles = 848176, cells = 2976
halo 1/30 (ID=53); snapshot 0027
DM Particles = 910390, cells = 3074

JOB STATISTICS
==============
Job ID: 2850171
Cluster: snellius
User/Group: zimmer/zimmer
State: CANCELLED (exit code 0)
Nodes: 1
Cores per node: 128
CPU Utilized: 00:00:00
CPU Efficiency: 0.00% of 2-19:33:20 core-walltime
Job Wall-clock time: 00:31:40
Memory Utilized: 56.57 GB
Memory Efficiency: 25.86% of 218.75 GB
