********Numerical Simulation: Mode=all_sky********
Halo batch params (Rvir,Mvir,cNFW):
[[195.3424681   11.9007675   15.48444863]
 [194.97879531  11.89833964  13.51959415]
 [214.54252395  12.02291765  12.08975218]
 [199.37428206  11.9273849   11.35265197]
 [183.64964056  11.82034774  10.55165154]
 [177.88001291  11.77875895  10.30545612]
 [240.5941061   12.17223244  10.22142522]
 [209.30144442  11.99069417  10.09273464]
 [180.32118176  11.79651773  10.05675352]
 [255.14942265  12.24876126   9.80394087]]
***********************************
***Running simulation: mode = all_sky***
halo=6/10, CPUs=128
Coord. pair 1/768
Coord. pair 2/768
Coord. pair 3/768
Coord. pair 4/768
Coord. pair 5/768
Coord. pair 6/768
Coord. pair 7/768
Coord. pair 8/768
Coord. pair 9/768
Coord. pair 10/768
Coord. pair 11/768
Coord. pair 12/768
Coord. pair 13/768
Coord. pair 14/768
Coord. pair 15/768
Coord. pair 16/768
Coord. pair 17/768
Coord. pair 18/768
Coord. pair 19/768
Coord. pair 20/768
Coord. pair 21/768
Coord. pair 22/768
Coord. pair 23/768
Coord. pair 24/768
Coord. pair 25/768
Coord. pair 26/768
Coord. pair 27/768
Coord. pair 28/768
Coord. pair 29/768

JOB STATISTICS
==============
Job ID: 2713268
Cluster: snellius
User/Group: zimmer/zimmer
State: TIMEOUT (exit code 0)
Nodes: 1
Cores per node: 128
CPU Utilized: 00:00:00
CPU Efficiency: 0.00% of 11:44:00 core-walltime
Job Wall-clock time: 00:05:30
Memory Utilized: 13.53 GB
Memory Efficiency: 6.19% of 218.75 GB
