[I 09:19:14.231 NotebookApp] Serving notebooks from local directory: /gpfs/home4/zimmer/neutrino_clustering_V2
[I 09:19:14.232 NotebookApp] Jupyter Notebook 6.4.12 is running at:
[I 09:19:14.232 NotebookApp] http://localhost:5844/?token=24c7509190f41b7d63dc90df461478ec02beebb7bf43a856
[I 09:19:14.232 NotebookApp]  or http://127.0.0.1:5844/?token=24c7509190f41b7d63dc90df461478ec02beebb7bf43a856
[I 09:19:14.232 NotebookApp] Use Control-C to stop this server and shut down all kernels (twice to skip confirmation).
[C 09:19:14.242 NotebookApp] 
    
    To access the notebook, open this file in a browser:
        file:///gpfs/home4/zimmer/.local/share/jupyter/runtime/nbserver-2541187-open.html
    Or copy and paste one of these URLs:
        http://localhost:5844/?token=24c7509190f41b7d63dc90df461478ec02beebb7bf43a856
     or http://127.0.0.1:5844/?token=24c7509190f41b7d63dc90df461478ec02beebb7bf43a856
[I 09:20:19.223 NotebookApp] Creating new notebook in 
[I 09:20:19.359 NotebookApp] Kernel started: dc330129-d538-4544-9640-3bccb47e8038, name: python3
[W 09:20:19.418 NotebookApp] delete /hackaton_gravity-jvsc-f2343dbf-93a2-4061-9d2b-ead0adcf51373c32ef4d-191b-4a66-b02a-74335875dad9.ipynb
[W 09:20:19.419 NotebookApp] Skipping trash for /gpfs/home4/zimmer/neutrino_clustering_V2/hackaton_gravity-jvsc-f2343dbf-93a2-4061-9d2b-ead0adcf51373c32ef4d-191b-4a66-b02a-74335875dad9.ipynb, [Errno 13] Permission denied: b'/gpfs/home4/.Trash-59104'
[I 09:27:09.694 NotebookApp] Kernel restarted: dc330129-d538-4544-9640-3bccb47e8038
[I 09:27:09.700 NotebookApp] Starting buffering for dc330129-d538-4544-9640-3bccb47e8038:a2c9ef3d-54c4-4c91-a6d0-40ff9b0f56a0
[I 09:27:09.707 NotebookApp] Restoring connection for dc330129-d538-4544-9640-3bccb47e8038:a2c9ef3d-54c4-4c91-a6d0-40ff9b0f56a0
[I 09:32:52.458 NotebookApp] Kernel restarted: dc330129-d538-4544-9640-3bccb47e8038
[I 09:32:52.504 NotebookApp] Starting buffering for dc330129-d538-4544-9640-3bccb47e8038:a2c9ef3d-54c4-4c91-a6d0-40ff9b0f56a0
[I 09:32:52.513 NotebookApp] Restoring connection for dc330129-d538-4544-9640-3bccb47e8038:a2c9ef3d-54c4-4c91-a6d0-40ff9b0f56a0
[I 10:35:01.816 NotebookApp] Kernel restarted: dc330129-d538-4544-9640-3bccb47e8038
[I 10:35:01.824 NotebookApp] Starting buffering for dc330129-d538-4544-9640-3bccb47e8038:a2c9ef3d-54c4-4c91-a6d0-40ff9b0f56a0
[I 10:35:01.833 NotebookApp] Restoring connection for dc330129-d538-4544-9640-3bccb47e8038:a2c9ef3d-54c4-4c91-a6d0-40ff9b0f56a0
[I 12:15:57.390 NotebookApp] Kernel restarted: dc330129-d538-4544-9640-3bccb47e8038
[I 12:15:57.396 NotebookApp] Starting buffering for dc330129-d538-4544-9640-3bccb47e8038:a2c9ef3d-54c4-4c91-a6d0-40ff9b0f56a0
[I 12:15:57.403 NotebookApp] Restoring connection for dc330129-d538-4544-9640-3bccb47e8038:a2c9ef3d-54c4-4c91-a6d0-40ff9b0f56a0
[I 12:16:41.564 NotebookApp] Creating new notebook in 
[I 12:16:41.661 NotebookApp] Kernel started: 2b028208-6d8e-4f6a-a5e0-c29bc7fccfe2, name: python3
[W 12:16:41.717 NotebookApp] delete /test_band-jvsc-04f65d68-66fe-4971-8960-23dd7ddefbf3f5a543bf-9ec6-4cf0-ab22-edf630496ac8.ipynb
[W 12:16:41.717 NotebookApp] Skipping trash for /gpfs/home4/zimmer/neutrino_clustering_V2/test_band-jvsc-04f65d68-66fe-4971-8960-23dd7ddefbf3f5a543bf-9ec6-4cf0-ab22-edf630496ac8.ipynb, [Errno 13] Permission denied: b'/gpfs/home4/.Trash-59104'
[I 12:24:38.630 NotebookApp] Kernel restarted: 2b028208-6d8e-4f6a-a5e0-c29bc7fccfe2
[I 12:24:38.636 NotebookApp] Starting buffering for 2b028208-6d8e-4f6a-a5e0-c29bc7fccfe2:70dabcb5-c6ed-4438-80e5-bc6d1418fb5f
[I 12:24:38.643 NotebookApp] Restoring connection for 2b028208-6d8e-4f6a-a5e0-c29bc7fccfe2:70dabcb5-c6ed-4438-80e5-bc6d1418fb5f
[I 12:27:10.817 NotebookApp] Kernel interrupted: 2b028208-6d8e-4f6a-a5e0-c29bc7fccfe2
[I 12:27:25.316 NotebookApp] Kernel restarted: 2b028208-6d8e-4f6a-a5e0-c29bc7fccfe2
[I 12:27:25.319 NotebookApp] Starting buffering for 2b028208-6d8e-4f6a-a5e0-c29bc7fccfe2:70dabcb5-c6ed-4438-80e5-bc6d1418fb5f
[I 12:27:25.325 NotebookApp] Restoring connection for 2b028208-6d8e-4f6a-a5e0-c29bc7fccfe2:70dabcb5-c6ed-4438-80e5-bc6d1418fb5f
