/projects/0/einf180/Tango_sims/L025N752/DMONLY/SigmaConstant00
/gpfs/home4/zimmer/neutrino_clustering_V2/L025N752/DMONLY/SigmaConstant00
Could not find gas gamma, assuming 5./3.
Data from run 'MergerTree_L025N752_DMONLY_SigmaConstant00' has been loaded! 

Could not find gas gamma, assuming 5./3.
Could not find gas gamma, assuming 5./3.
Could not find gas gamma, assuming 5./3.
Could not find gas gamma, assuming 5./3.
Could not find gas gamma, assuming 5./3.
Could not find gas gamma, assuming 5./3.
Could not find gas gamma, assuming 5./3.
Could not find gas gamma, assuming 5./3.
Could not find gas gamma, assuming 5./3.
Could not find gas gamma, assuming 5./3.
Could not find gas gamma, assuming 5./3.
Could not find gas gamma, assuming 5./3.
Could not find gas gamma, assuming 5./3.
Could not find gas gamma, assuming 5./3.
Could not find gas gamma, assuming 5./3.
Could not find gas gamma, assuming 5./3.
Could not find gas gamma, assuming 5./3.
Could not find gas gamma, assuming 5./3.
Could not find gas gamma, assuming 5./3.
Could not find gas gamma, assuming 5./3.
Could not find gas gamma, assuming 5./3.
Could not find gas gamma, assuming 5./3.
Could not find gas gamma, assuming 5./3.

JOB STATISTICS
==============
Job ID: 1815045
Cluster: snellius
User/Group: zimmer/zimmer
State: RUNNING
Nodes: 1
Cores per node: 32
CPU Utilized: 00:00:00
CPU Efficiency: 0.00% of 00:58:40 core-walltime
Job Wall-clock time: 00:01:50
Memory Utilized: 0.00 MB (estimated maximum)
Memory Efficiency: 0.00% of 56.00 GB (1.75 GB/core)
WARNING: Efficiency statistics may be misleading for RUNNING jobs.
