********Numerical Simulation: Mode=single_halos********
Halo batch params (Rvir,Mvir,cNFW):
[[253.5523526   12.24058042   6.9286026 ]
 [158.62979351  11.62953177   8.03988676]
 [137.07912107  11.43929142   9.41292697]]
***********************************
halo 1/3 ; snapshot 0012
From 1 to and incl. 10000
Batch 1/1 done!
Sim time: 0.31040982384971966 min, 0.005173497064161994 h.

JOB STATISTICS
==============
Job ID: 2427683
Cluster: snellius
User/Group: zimmer/zimmer
State: RUNNING
Nodes: 1
Cores per node: 128
CPU Utilized: 00:00:00
CPU Efficiency: 0.00% of 04:43:44 core-walltime
Job Wall-clock time: 00:02:13
Memory Utilized: 0.00 MB (estimated maximum)
Memory Efficiency: 0.00% of 218.75 GB (218.75 GB/node)
WARNING: Efficiency statistics may be misleading for RUNNING jobs.
