********************* Initialization *********************
# Initial conditions for neutrinos:
PHIs = 20, THETAs=20, Vs=200
Total neutrinos: 80000
# Simulation parameters:
Simulation box: L025N752
Snapshot from 0036 (z=0) to 0013 (z=4)
Pre/Sim CPUs 128/128
DM limit for cells: 1000
DM mass of sim box in log10 Msun: 6.1577
Smoothening length of sim box in kpc: 0.65
# File management:
Box files directory: 
 /projects/0/einf180/Tango_sims/L025N752/DMONLY/SigmaConstant00
Output directory: 
 /gpfs/home4/zimmer/neutrino_clustering_V2/L025N752/DMONLY/SigmaConstant00
**********************************************************
********Number density band********
Halo batch params (Rvir,Mvir,cNFW):
[[253.5523526   12.24058042   6.9286026 ]]
***********************************
halo 1/1 ; snapshot 0036
halo 1/1 ; snapshot 0035
halo 1/1 ; snapshot 0034
halo 1/1 ; snapshot 0033
halo 1/1 ; snapshot 0032
halo 1/1 ; snapshot 0031
halo 1/1 ; snapshot 0030
halo 1/1 ; snapshot 0029
halo 1/1 ; snapshot 0028
halo 1/1 ; snapshot 0027
halo 1/1 ; snapshot 0026
halo 1/1 ; snapshot 0025
halo 1/1 ; snapshot 0024
halo 1/1 ; snapshot 0023
halo 1/1 ; snapshot 0022
halo 1/1 ; snapshot 0021
halo 1/1 ; snapshot 0020
halo 1/1 ; snapshot 0019
halo 1/1 ; snapshot 0018
halo 1/1 ; snapshot 0017
halo 1/1 ; snapshot 0016
halo 1/1 ; snapshot 0015
halo 1/1 ; snapshot 0014
halo 1/1 ; snapshot 0013
***Running simulation***
halo=1/1, CPUs=128
Sim time min/h: 7.118671398229586 min, 0.11864452330382644 h.
Total time: 63.87161606083003 min, 1.0645269343471673 h.

JOB STATISTICS
==============
Job ID: 2252418
Cluster: snellius
User/Group: zimmer/zimmer
State: COMPLETED (exit code 0)
Nodes: 1
Cores per node: 128
CPU Utilized: 09:37:31
CPU Efficiency: 7.00% of 5-17:29:36 core-walltime
Job Wall-clock time: 01:04:27
Memory Utilized: 28.96 GB
Memory Efficiency: 13.24% of 218.75 GB
