Healpy parameters: Nside=4, Npix=192, pix_sr=0.06544984694978735
********************* Initialization *********************
# Initial conditions for neutrinos:
PHIs = 192, THETAs=192, Vs=10000
Total neutrinos: 368640000
# Simulation parameters:
Simulation box: LinfNinf
Sim CPUs 128
Output directory: 
 /gpfs/home4/zimmer/neutrino_clustering_V2/LinfNinf
**********************************************************
***Running simulation with 128 CPUs***
Coord. pair 1/192
From 1 to and incl. 10000
Batch 1/1 done!
Sim time min/h: 1.105498361416782 min, 0.0184249726902797 h.
Coord. pair 2/192
From 1 to and incl. 10000
Batch 1/1 done!
Sim time min/h: 1.0735074331673482 min, 0.017891790552789135 h.
Coord. pair 3/192
From 1 to and incl. 10000
Batch 1/1 done!
Sim time min/h: 1.0867384439664116 min, 0.018112307399440194 h.
Coord. pair 4/192
From 1 to and incl. 10000
Batch 1/1 done!
Sim time min/h: 1.0893106764163045 min, 0.01815517794027174 h.
Coord. pair 5/192
From 1 to and incl. 10000
Batch 1/1 done!
Sim time min/h: 1.0024487365832708 min, 0.016707478943054514 h.
Coord. pair 6/192
From 1 to and incl. 10000
Batch 1/1 done!
Sim time min/h: 1.0839047809674716 min, 0.018065079682791193 h.
Coord. pair 7/192
From 1 to and incl. 10000
Batch 1/1 done!
Sim time min/h: 1.0949134544682844 min, 0.018248557574471407 h.
Coord. pair 8/192
From 1 to and incl. 10000
Batch 1/1 done!
Sim time min/h: 1.0515327569834578 min, 0.017525545949724296 h.
Coord. pair 9/192
From 1 to and incl. 10000
Batch 1/1 done!
Sim time min/h: 1.0069316426156243 min, 0.016782194043593737 h.
Coord. pair 10/192
From 1 to and incl. 10000
Batch 1/1 done!
Sim time min/h: 1.088177490484668 min, 0.018136291508077797 h.
Coord. pair 11/192
From 1 to and incl. 10000
Batch 1/1 done!
Sim time min/h: 1.0780838516987084 min, 0.017968064194978473 h.
Coord. pair 12/192
From 1 to and incl. 10000
Batch 1/1 done!
Sim time min/h: 0.9972484221332707 min, 0.016620807035554512 h.
Coord. pair 13/192
From 1 to and incl. 10000
Batch 1/1 done!
Sim time min/h: 0.9338706585675633 min, 0.015564510976126055 h.
Coord. pair 14/192
From 1 to and incl. 10000
Batch 1/1 done!
Sim time min/h: 0.9952320454506359 min, 0.0165872007575106 h.
Coord. pair 15/192
From 1 to and incl. 10000
Batch 1/1 done!
Sim time min/h: 1.0837730875316387 min, 0.01806288479219398 h.
Coord. pair 16/192
From 1 to and incl. 10000
Batch 1/1 done!
Sim time min/h: 1.0929128304996993 min, 0.018215213841661654 h.
Coord. pair 17/192
From 1 to and incl. 10000
Batch 1/1 done!
Sim time min/h: 0.995038253183399 min, 0.016583970886389982 h.
Coord. pair 18/192
From 1 to and incl. 10000
Batch 1/1 done!
Sim time min/h: 0.9404939860842811 min, 0.015674899768071352 h.
Coord. pair 19/192
From 1 to and incl. 10000
Batch 1/1 done!
Sim time min/h: 0.9383010714993968 min, 0.015638351191656612 h.
Coord. pair 20/192
From 1 to and incl. 10000
Batch 1/1 done!
Sim time min/h: 0.9928877534674636 min, 0.01654812922445773 h.
Coord. pair 21/192
From 1 to and incl. 10000
Batch 1/1 done!
Sim time min/h: 1.0871210886669966 min, 0.01811868481111661 h.
Coord. pair 22/192
From 1 to and incl. 10000
Batch 1/1 done!
Sim time min/h: 1.0862974295838892 min, 0.018104957159731486 h.
Coord. pair 23/192
From 1 to and incl. 10000
Batch 1/1 done!
Sim time min/h: 0.9939853886161776 min, 0.01656642314360296 h.
Coord. pair 24/192
From 1 to and incl. 10000
Batch 1/1 done!
Sim time min/h: 0.9400447791500482 min, 0.01566741298583414 h.
Coord. pair 25/192
From 1 to and incl. 10000
Batch 1/1 done!
Sim time min/h: 0.8701597932667937 min, 0.014502663221113229 h.
Coord. pair 26/192
From 1 to and incl. 10000
Batch 1/1 done!
Sim time min/h: 0.9188558215838081 min, 0.015314263693063468 h.
Coord. pair 27/192
From 1 to and incl. 10000
Batch 1/1 done!
Sim time min/h: 1.003224704201178 min, 0.0167204117366863 h.
Coord. pair 28/192
From 1 to and incl. 10000
Batch 1/1 done!
Sim time min/h: 1.095085304932824 min, 0.0182514217488804 h.
Coord. pair 29/192
From 1 to and incl. 10000
Batch 1/1 done!
Sim time min/h: 1.1072766428328273 min, 0.018454610713880455 h.
Coord. pair 30/192
From 1 to and incl. 10000
Batch 1/1 done!
Sim time min/h: 0.9911867152162207 min, 0.01651977858693701 h.
Coord. pair 31/192
From 1 to and incl. 10000
Batch 1/1 done!
Sim time min/h: 0.9177982154166481 min, 0.015296636923610801 h.
Coord. pair 32/192
From 1 to and incl. 10000
Batch 1/1 done!
Sim time min/h: 0.867265325433497 min, 0.014454422090558283 h.
Coord. pair 33/192
From 1 to and incl. 10000
Batch 1/1 done!
Sim time min/h: 0.8711194761349664 min, 0.014518657935582773 h.
Coord. pair 34/192
From 1 to and incl. 10000
Batch 1/1 done!
Sim time min/h: 0.9088505564509736 min, 0.015147509274182893 h.
Coord. pair 35/192
From 1 to and incl. 10000
Batch 1/1 done!
Sim time min/h: 0.9875381057325285 min, 0.016458968428875474 h.
Coord. pair 36/192
From 1 to and incl. 10000
Batch 1/1 done!
Sim time min/h: 1.0848004301330851 min, 0.018080007168884752 h.
Coord. pair 37/192
From 1 to and incl. 10000
Batch 1/1 done!
Sim time min/h: 1.090221002798838 min, 0.0181703500466473 h.
Coord. pair 38/192
From 1 to and incl. 10000
Batch 1/1 done!
Sim time min/h: 0.9929554328826877 min, 0.01654925721471146 h.
Coord. pair 39/192
From 1 to and incl. 10000
Batch 1/1 done!
Sim time min/h: 0.9177643056997719 min, 0.015296071761662864 h.
Coord. pair 40/192
From 1 to and incl. 10000
Batch 1/1 done!
Sim time min/h: 0.8715497036173474 min, 0.014525828393622457 h.
Coord. pair 41/192
From 1 to and incl. 10000
Batch 1/1 done!
Sim time min/h: 0.6903490029003782 min, 0.011505816715006303 h.
Coord. pair 42/192
From 1 to and incl. 10000
Batch 1/1 done!
Sim time min/h: 0.8558135736675467 min, 0.014263559561125778 h.
Coord. pair 43/192
From 1 to and incl. 10000
Batch 1/1 done!
Sim time min/h: 0.9267069665676293 min, 0.015445116109460488 h.
Coord. pair 44/192
From 1 to and incl. 10000
Batch 1/1 done!
Sim time min/h: 1.0290467992327952 min, 0.017150779987213254 h.
Coord. pair 45/192
From 1 to and incl. 10000
Batch 1/1 done!
Sim time min/h: 1.1471372839509664 min, 0.019118954732516107 h.
Coord. pair 46/192
From 1 to and incl. 10000
Batch 1/1 done!
Sim time min/h: 1.0215802835669214 min, 0.01702633805944869 h.
Coord. pair 47/192
From 1 to and incl. 10000
Batch 1/1 done!
Sim time min/h: 0.9226784771987392 min, 0.015377974619978986 h.
Coord. pair 48/192
From 1 to and incl. 10000
Batch 1/1 done!
Sim time min/h: 0.8390414456836879 min, 0.013984024094728131 h.
Coord. pair 49/192
From 1 to and incl. 10000
Batch 1/1 done!
Sim time min/h: 0.6995577348008131 min, 0.011659295580013551 h.
Coord. pair 50/192
From 1 to and incl. 10000
Batch 1/1 done!
Sim time min/h: 0.8359816035682646 min, 0.013933026726137743 h.
Coord. pair 51/192
From 1 to and incl. 10000
Batch 1/1 done!
Sim time min/h: 0.9209681910676105 min, 0.015349469851126842 h.
Coord. pair 52/192
From 1 to and incl. 10000
Batch 1/1 done!
Sim time min/h: 1.0214141994346089 min, 0.017023569990576814 h.
Coord. pair 53/192
From 1 to and incl. 10000
Batch 1/1 done!
Sim time min/h: 1.149947355200614 min, 0.019165789253343567 h.
Coord. pair 54/192
From 1 to and incl. 10000
Batch 1/1 done!
Sim time min/h: 1.0277319555345457 min, 0.017128865925575762 h.
Coord. pair 55/192
From 1 to and incl. 10000
Batch 1/1 done!
Sim time min/h: 0.9233214037163028 min, 0.01538869006193838 h.
Coord. pair 56/192
From 1 to and incl. 10000
Batch 1/1 done!
Sim time min/h: 0.8356219380511902 min, 0.013927032300853171 h.
Coord. pair 57/192
From 1 to and incl. 10000
Batch 1/1 done!
Sim time min/h: 0.7778182549169287 min, 0.012963637581948812 h.
Coord. pair 58/192
From 1 to and incl. 10000
Batch 1/1 done!
Sim time min/h: 0.8424525365175214 min, 0.014040875608625356 h.
Coord. pair 59/192
From 1 to and incl. 10000
Batch 1/1 done!
Sim time min/h: 0.9486399356819069 min, 0.015810665594698448 h.
Coord. pair 60/192
From 1 to and incl. 10000
Batch 1/1 done!
Sim time min/h: 1.0735421851995246 min, 0.01789236975332541 h.
Coord. pair 61/192
From 1 to and incl. 10000
Batch 1/1 done!
Sim time min/h: 1.07733283424944 min, 0.017955547237490665 h.
Coord. pair 62/192
From 1 to and incl. 10000
Batch 1/1 done!
Sim time min/h: 0.9559571387653705 min, 0.01593261897942284 h.
Coord. pair 63/192
From 1 to and incl. 10000
Batch 1/1 done!
Sim time min/h: 0.8421548161830288 min, 0.01403591360305048 h.
Coord. pair 64/192
From 1 to and incl. 10000
Batch 1/1 done!
Sim time min/h: 0.769051825449181 min, 0.012817530424153017 h.
Coord. pair 65/192
From 1 to and incl. 10000
Batch 1/1 done!
Sim time min/h: 0.7612707641984646 min, 0.01268784606997441 h.
Coord. pair 66/192
From 1 to and incl. 10000
Batch 1/1 done!
Sim time min/h: 0.8377297153987456 min, 0.013962161923312427 h.
Coord. pair 67/192
From 1 to and incl. 10000
Batch 1/1 done!
Sim time min/h: 0.9521273573336657 min, 0.015868789288894427 h.
Coord. pair 68/192
From 1 to and incl. 10000
Batch 1/1 done!
Sim time min/h: 1.0630276824987959 min, 0.017717128041646598 h.
Coord. pair 69/192
From 1 to and incl. 10000
Batch 1/1 done!
Sim time min/h: 1.0715684459835757 min, 0.017859474099726262 h.
Coord. pair 70/192
From 1 to and incl. 10000
Batch 1/1 done!
Sim time min/h: 0.9563231284167463 min, 0.01593871880694577 h.
Coord. pair 71/192
From 1 to and incl. 10000
Batch 1/1 done!
Sim time min/h: 0.8565115315335182 min, 0.014275192192225304 h.
Coord. pair 72/192
From 1 to and incl. 10000
Batch 1/1 done!
Sim time min/h: 0.7581716114499917 min, 0.012636193524166528 h.
Coord. pair 73/192
From 1 to and incl. 10000
Batch 1/1 done!
Sim time min/h: 0.6016280530990722 min, 0.010027134218317869 h.
Coord. pair 74/192
From 1 to and incl. 10000
Batch 1/1 done!
Sim time min/h: 0.7666202011848023 min, 0.01277700335308004 h.
Coord. pair 75/192
From 1 to and incl. 10000
Batch 1/1 done!
Sim time min/h: 0.8760015196496777 min, 0.014600025327494628 h.
Coord. pair 76/192
From 1 to and incl. 10000
Batch 1/1 done!
Sim time min/h: 1.0087530946999324 min, 0.016812551578332207 h.
Coord. pair 77/192
From 1 to and incl. 10000
Batch 1/1 done!
Sim time min/h: 1.1405299259485522 min, 0.019008832099142538 h.
Coord. pair 78/192
From 1 to and incl. 10000
Batch 1/1 done!
Sim time min/h: 1.0075026664165003 min, 0.01679171110694167 h.
Coord. pair 79/192
From 1 to and incl. 10000
Batch 1/1 done!
Sim time min/h: 0.875111059367191 min, 0.014585184322786517 h.
Coord. pair 80/192
From 1 to and incl. 10000
Batch 1/1 done!
Sim time min/h: 0.7758478094338594 min, 0.012930796823897658 h.
Coord. pair 81/192
From 1 to and incl. 10000
Batch 1/1 done!
Sim time min/h: 0.5958963011488474 min, 0.009931605019147456 h.
Coord. pair 82/192
From 1 to and incl. 10000
Batch 1/1 done!
Sim time min/h: 0.769891653683347 min, 0.012831527561389116 h.
Coord. pair 83/192
From 1 to and incl. 10000
Batch 1/1 done!
Sim time min/h: 0.8860444189670186 min, 0.014767406982783643 h.
Coord. pair 84/192
From 1 to and incl. 10000
Batch 1/1 done!
Sim time min/h: 0.9950505926681217 min, 0.016584176544468695 h.
Coord. pair 85/192
From 1 to and incl. 10000
Batch 1/1 done!
Sim time min/h: 1.1417352409839319 min, 0.019028920683065532 h.
Coord. pair 86/192
From 1 to and incl. 10000
Batch 1/1 done!
Sim time min/h: 1.0016678039333784 min, 0.01669446339888964 h.
Coord. pair 87/192
From 1 to and incl. 10000
Batch 1/1 done!
Sim time min/h: 0.8876436915171022 min, 0.014794061525285037 h.
Coord. pair 88/192
From 1 to and incl. 10000
Batch 1/1 done!
Sim time min/h: 0.7667247452676141 min, 0.012778745754460235 h.
Coord. pair 89/192
From 1 to and incl. 10000
Batch 1/1 done!
Sim time min/h: 0.6000796641494769 min, 0.010001327735824616 h.
Coord. pair 90/192
From 1 to and incl. 10000
Batch 1/1 done!
Sim time min/h: 0.7126974087654768 min, 0.011878290146091281 h.
Coord. pair 91/192
From 1 to and incl. 10000
Batch 1/1 done!
Sim time min/h: 0.8102885522511012 min, 0.01350480920418502 h.
Coord. pair 92/192
From 1 to and incl. 10000
Batch 1/1 done!
Sim time min/h: 0.9249502050341107 min, 0.015415836750568512 h.
Coord. pair 93/192
From 1 to and incl. 10000
Batch 1/1 done!
Sim time min/h: 0.9279437651314463 min, 0.015465729418857438 h.
Coord. pair 94/192
From 1 to and incl. 10000
Batch 1/1 done!
Sim time min/h: 0.8049914827512111 min, 0.013416524712520186 h.
Coord. pair 95/192
From 1 to and incl. 10000
Batch 1/1 done!
Sim time min/h: 0.7115185061838323 min, 0.011858641769730538 h.
Coord. pair 96/192
From 1 to and incl. 10000
Batch 1/1 done!
Sim time min/h: 0.6091538781998679 min, 0.010152564636664465 h.
Coord. pair 97/192
From 1 to and incl. 10000
Batch 1/1 done!
Sim time min/h: 0.6067265308500889 min, 0.010112108847501482 h.
Coord. pair 98/192
From 1 to and incl. 10000
Batch 1/1 done!
Sim time min/h: 0.711856287283202 min, 0.011864271454720033 h.
Coord. pair 99/192
From 1 to and incl. 10000
Batch 1/1 done!
Sim time min/h: 0.802828456700081 min, 0.013380474278334683 h.
Coord. pair 100/192
From 1 to and incl. 10000
Batch 1/1 done!
Sim time min/h: 0.9370819121172341 min, 0.015618031868620569 h.
Coord. pair 101/192
From 1 to and incl. 10000
Batch 1/1 done!
Sim time min/h: 0.9211849416664336 min, 0.015353082361107226 h.
Coord. pair 102/192
From 1 to and incl. 10000
Batch 1/1 done!
Sim time min/h: 0.8120136450510472 min, 0.013533560750850788 h.
Coord. pair 103/192
From 1 to and incl. 10000
Batch 1/1 done!
Sim time min/h: 0.714543373665462 min, 0.0119090562277577 h.
Coord. pair 104/192
From 1 to and incl. 10000
Batch 1/1 done!
Sim time min/h: 0.607926387200132 min, 0.010132106453335534 h.
Coord. pair 105/192
From 1 to and incl. 10000
Batch 1/1 done!
Sim time min/h: 0.6021049209831593 min, 0.010035082016385987 h.
Coord. pair 106/192
From 1 to and incl. 10000
Batch 1/1 done!
Sim time min/h: 0.775627459983419 min, 0.012927124333056983 h.
Coord. pair 107/192
From 1 to and incl. 10000
Batch 1/1 done!
Sim time min/h: 0.8770954794172818 min, 0.014618257990288031 h.
Coord. pair 108/192
From 1 to and incl. 10000
Batch 1/1 done!
Sim time min/h: 0.9938721592344033 min, 0.016564535987240055 h.
Coord. pair 109/192
From 1 to and incl. 10000
Batch 1/1 done!
Sim time min/h: 1.1328486255835741 min, 0.0188808104263929 h.
Coord. pair 110/192
From 1 to and incl. 10000
Batch 1/1 done!
Sim time min/h: 0.9979781697349002 min, 0.01663296949558167 h.
Coord. pair 111/192
From 1 to and incl. 10000
Batch 1/1 done!
Sim time min/h: 0.8806667399165842 min, 0.014677778998609736 h.
Coord. pair 112/192
From 1 to and incl. 10000
Batch 1/1 done!
Sim time min/h: 0.7817492641508579 min, 0.013029154402514297 h.
Coord. pair 113/192
From 1 to and incl. 10000
Batch 1/1 done!
Sim time min/h: 0.6022033592336811 min, 0.010036722653894685 h.
Coord. pair 114/192
From 1 to and incl. 10000
Batch 1/1 done!
Sim time min/h: 0.7689331723493524 min, 0.012815552872489207 h.
Coord. pair 115/192
From 1 to and incl. 10000
Batch 1/1 done!
Sim time min/h: 0.8847026597999502 min, 0.014745044329999171 h.
Coord. pair 116/192
From 1 to and incl. 10000
Batch 1/1 done!
Sim time min/h: 0.9948853802673209 min, 0.016581423004455347 h.
Coord. pair 117/192
From 1 to and incl. 10000
Batch 1/1 done!
Sim time min/h: 1.13468214191768 min, 0.018911369031961334 h.
Coord. pair 118/192
From 1 to and incl. 10000
Batch 1/1 done!
Sim time min/h: 1.0024502266178994 min, 0.01670750377696499 h.
Coord. pair 119/192
From 1 to and incl. 10000
Batch 1/1 done!
Sim time min/h: 0.8852429121674504 min, 0.014754048536124173 h.
Coord. pair 120/192
From 1 to and incl. 10000
Batch 1/1 done!
Sim time min/h: 0.7743683709336134 min, 0.012906139515560223 h.
Coord. pair 121/192
From 1 to and incl. 10000
Batch 1/1 done!
Sim time min/h: 0.763559043215355 min, 0.012725984053589249 h.
Coord. pair 122/192
From 1 to and incl. 10000
Batch 1/1 done!
Sim time min/h: 0.8418250176997389 min, 0.014030416961662316 h.
Coord. pair 123/192
From 1 to and incl. 10000
Batch 1/1 done!
Sim time min/h: 0.9425158796172278 min, 0.015708597993620465 h.
Coord. pair 124/192
From 1 to and incl. 10000
Batch 1/1 done!
Sim time min/h: 1.0911364172507698 min, 0.018185606954179496 h.
Coord. pair 125/192
From 1 to and incl. 10000
Batch 1/1 done!
Sim time min/h: 1.0784947617173506 min, 0.017974912695289176 h.
Coord. pair 126/192
From 1 to and incl. 10000
Batch 1/1 done!
Sim time min/h: 0.940824023616733 min, 0.015680400393612216 h.
Coord. pair 127/192
From 1 to and incl. 10000
Batch 1/1 done!
Sim time min/h: 0.8463115756341721 min, 0.014105192927236202 h.
Coord. pair 128/192
From 1 to and incl. 10000
Batch 1/1 done!
Sim time min/h: 0.764108518466431 min, 0.012735141974440516 h.
Coord. pair 129/192
From 1 to and incl. 10000
Batch 1/1 done!
Sim time min/h: 0.7673744067161654 min, 0.012789573445269424 h.
Coord. pair 130/192
From 1 to and incl. 10000
Batch 1/1 done!
Sim time min/h: 0.8474936357835152 min, 0.014124893929725253 h.
Coord. pair 131/192
From 1 to and incl. 10000
Batch 1/1 done!
Sim time min/h: 0.9514910012832842 min, 0.015858183354721403 h.
Coord. pair 132/192
From 1 to and incl. 10000
Batch 1/1 done!
Sim time min/h: 1.0755794107487116 min, 0.017926323512478526 h.
Coord. pair 133/192
From 1 to and incl. 10000
Batch 1/1 done!
Sim time min/h: 1.069891884631943 min, 0.017831531410532384 h.
Coord. pair 134/192
From 1 to and incl. 10000
Batch 1/1 done!
Sim time min/h: 0.9511679860161772 min, 0.015852799766936286 h.
Coord. pair 135/192
From 1 to and incl. 10000
Batch 1/1 done!
Sim time min/h: 0.8445375128998421 min, 0.014075625214997368 h.
Coord. pair 136/192
From 1 to and incl. 10000
Batch 1/1 done!
Sim time min/h: 0.7625938870167981 min, 0.012709898116946635 h.
Coord. pair 137/192
From 1 to and incl. 10000
Batch 1/1 done!
Sim time min/h: 0.6883041486008248 min, 0.011471735810013746 h.
Coord. pair 138/192
From 1 to and incl. 10000
Batch 1/1 done!
Sim time min/h: 0.827066191782554 min, 0.013784436529709234 h.
Coord. pair 139/192
From 1 to and incl. 10000
Batch 1/1 done!
Sim time min/h: 0.9170081519676994 min, 0.015283469199461656 h.
Coord. pair 140/192
From 1 to and incl. 10000
Batch 1/1 done!
Sim time min/h: 1.0160706899342282 min, 0.016934511498903803 h.
Coord. pair 141/192
From 1 to and incl. 10000
Batch 1/1 done!
Sim time min/h: 1.1327890319322858 min, 0.01887981719887143 h.
Coord. pair 142/192
From 1 to and incl. 10000
Batch 1/1 done!
Sim time min/h: 1.0304064500009795 min, 0.017173440833349658 h.
Coord. pair 143/192
From 1 to and incl. 10000
Batch 1/1 done!
Sim time min/h: 0.9169294151322295 min, 0.015282156918870492 h.
Coord. pair 144/192
From 1 to and incl. 10000
Batch 1/1 done!
Sim time min/h: 0.8395957519824151 min, 0.013993262533040252 h.
Coord. pair 145/192
From 1 to and incl. 10000
Batch 1/1 done!
Sim time min/h: 0.698808836149207 min, 0.011646813935820116 h.
Coord. pair 146/192
From 1 to and incl. 10000
Batch 1/1 done!
Sim time min/h: 0.8361064255334593 min, 0.01393510709222432 h.
Coord. pair 147/192
From 1 to and incl. 10000
Batch 1/1 done!
Sim time min/h: 0.9330144680667823 min, 0.015550241134446372 h.
Coord. pair 148/192
From 1 to and incl. 10000
Batch 1/1 done!
Sim time min/h: 1.013586323366811 min, 0.01689310538944685 h.
Coord. pair 149/192
From 1 to and incl. 10000
Batch 1/1 done!
Sim time min/h: 1.13668548008233 min, 0.01894475800137217 h.
Coord. pair 150/192
From 1 to and incl. 10000
Batch 1/1 done!
Sim time min/h: 1.0173523241654039 min, 0.016955872069423398 h.
Coord. pair 151/192
From 1 to and incl. 10000
Batch 1/1 done!
Sim time min/h: 0.913284662332929 min, 0.01522141103888215 h.
Coord. pair 152/192
From 1 to and incl. 10000
Batch 1/1 done!
Sim time min/h: 0.8353380421176553 min, 0.013922300701960922 h.
Coord. pair 153/192
From 1 to and incl. 10000
Batch 1/1 done!
Sim time min/h: 0.8691884236507273 min, 0.014486473727512123 h.
Coord. pair 154/192
From 1 to and incl. 10000
Batch 1/1 done!
Sim time min/h: 0.9160538247340203 min, 0.015267563745567005 h.
Coord. pair 155/192
From 1 to and incl. 10000
Batch 1/1 done!
Sim time min/h: 0.9927520564000588 min, 0.016545867606667645 h.
Coord. pair 156/192
From 1 to and incl. 10000
Batch 1/1 done!
Sim time min/h: 1.0933637574489694 min, 0.018222729290816156 h.
Coord. pair 157/192
From 1 to and incl. 10000
Batch 1/1 done!
Sim time min/h: 1.0871892725505556 min, 0.018119821209175928 h.
Coord. pair 158/192
From 1 to and incl. 10000
Batch 1/1 done!
Sim time min/h: 0.9978352796984836 min, 0.016630587994974726 h.
Coord. pair 159/192
From 1 to and incl. 10000
Batch 1/1 done!
Sim time min/h: 0.9107687324169091 min, 0.015179478873615152 h.
Coord. pair 160/192
From 1 to and incl. 10000
Batch 1/1 done!
Sim time min/h: 0.8658886091162761 min, 0.014431476818604601 h.
Coord. pair 161/192
From 1 to and incl. 10000
Batch 1/1 done!
Sim time min/h: 0.8664268440178906 min, 0.014440447400298177 h.
Coord. pair 162/192
From 1 to and incl. 10000
Batch 1/1 done!
Sim time min/h: 0.9104780329003309 min, 0.015174633881672181 h.
Coord. pair 163/192
From 1 to and incl. 10000
Batch 1/1 done!
Sim time min/h: 0.9898461229323099 min, 0.016497435382205165 h.
Coord. pair 164/192
From 1 to and incl. 10000
Batch 1/1 done!
Sim time min/h: 1.0912184512165064 min, 0.018186974186941773 h.
Coord. pair 165/192
From 1 to and incl. 10000
Batch 1/1 done!
Sim time min/h: 1.085532116732793 min, 0.01809220194554655 h.
Coord. pair 166/192
From 1 to and incl. 10000
Batch 1/1 done!
Sim time min/h: 0.9905405885501144 min, 0.016509009809168574 h.
Coord. pair 167/192
From 1 to and incl. 10000
Batch 1/1 done!
Sim time min/h: 0.9120532960165292 min, 0.015200888266942153 h.
Coord. pair 168/192
From 1 to and incl. 10000
Batch 1/1 done!
Sim time min/h: 0.8684801807665887 min, 0.014474669679443145 h.
Coord. pair 169/192
From 1 to and incl. 10000
Batch 1/1 done!
Sim time min/h: 0.9312938288513881 min, 0.015521563814189803 h.
Coord. pair 170/192
From 1 to and incl. 10000
Batch 1/1 done!
Sim time min/h: 0.9906584915996064 min, 0.01651097485999344 h.
Coord. pair 171/192
From 1 to and incl. 10000
Batch 1/1 done!
Sim time min/h: 1.0911837245997351 min, 0.018186395409995584 h.
Coord. pair 172/192
From 1 to and incl. 10000
Batch 1/1 done!
Sim time min/h: 1.100926052016439 min, 0.018348767533607317 h.
Coord. pair 173/192
From 1 to and incl. 10000
Batch 1/1 done!
Sim time min/h: 0.9965221878839656 min, 0.01660870313139943 h.
Coord. pair 174/192
From 1 to and incl. 10000
Batch 1/1 done!
Sim time min/h: 0.9414051797182765 min, 0.015690086328637942 h.
Coord. pair 175/192
From 1 to and incl. 10000
Batch 1/1 done!
Sim time min/h: 0.9386793976824265 min, 0.015644656628040442 h.
Coord. pair 176/192
From 1 to and incl. 10000
Batch 1/1 done!
Sim time min/h: 0.9871126582166956 min, 0.016451877636944928 h.
Coord. pair 177/192
From 1 to and incl. 10000
Batch 1/1 done!
Sim time min/h: 1.0901537230180112 min, 0.018169228716966853 h.
Coord. pair 178/192
From 1 to and incl. 10000
Batch 1/1 done!
Sim time min/h: 1.0780740853496051 min, 0.01796790142249342 h.
Coord. pair 179/192
From 1 to and incl. 10000
Batch 1/1 done!
Sim time min/h: 0.9914482655158887 min, 0.016524137758598144 h.
Coord. pair 180/192
From 1 to and incl. 10000
Batch 1/1 done!
Sim time min/h: 0.9309583621836889 min, 0.015515972703061482 h.
Coord. pair 181/192
From 1 to and incl. 10000
Batch 1/1 done!
Sim time min/h: 1.0103471601828156 min, 0.01683911933638026 h.
Coord. pair 182/192
From 1 to and incl. 10000
Batch 1/1 done!
Sim time min/h: 1.0855546804824068 min, 0.018092578008040112 h.
Coord. pair 183/192
From 1 to and incl. 10000
Batch 1/1 done!
Sim time min/h: 1.0944378882336119 min, 0.0182406314705602 h.
Coord. pair 184/192
From 1 to and incl. 10000
Batch 1/1 done!
Sim time min/h: 1.0021341468653797 min, 0.01670223578108966 h.
Coord. pair 185/192
From 1 to and incl. 10000
Batch 1/1 done!
Sim time min/h: 1.0022705123837417 min, 0.01670450853972903 h.
Coord. pair 186/192
From 1 to and incl. 10000
Batch 1/1 done!
Sim time min/h: 1.0897772610323349 min, 0.018162954350538916 h.
Coord. pair 187/192
From 1 to and incl. 10000
Batch 1/1 done!
Sim time min/h: 1.0832633737668707 min, 0.018054389562781176 h.
Coord. pair 188/192
From 1 to and incl. 10000
Batch 1/1 done!
Sim time min/h: 0.9970226014498621 min, 0.016617043357497703 h.
Coord. pair 189/192
From 1 to and incl. 10000
Batch 1/1 done!
Sim time min/h: 1.0926278807843726 min, 0.01821046467973954 h.
Coord. pair 190/192
From 1 to and incl. 10000
Batch 1/1 done!
Sim time min/h: 1.1201879913181376 min, 0.018669799855302295 h.
Coord. pair 191/192
From 1 to and incl. 10000
Batch 1/1 done!
Sim time min/h: 1.0953897627672025 min, 0.018256496046120042 h.
Coord. pair 192/192
From 1 to and incl. 10000
Batch 1/1 done!
Sim time min/h: 1.0997630097010793 min, 0.01832938349501799 h.
Total time: 179.75098147044966 min, 2.9958496911741612 h.

JOB STATISTICS
==============
Job ID: 1765489
Cluster: snellius
User/Group: zimmer/zimmer
State: RUNNING
Nodes: 1
Cores per node: 128
CPU Utilized: 00:00:00
CPU Efficiency: 0.00% of 16-00:36:16 core-walltime
Job Wall-clock time: 03:00:17
Memory Utilized: 0.00 MB (estimated maximum)
Memory Efficiency: 0.00% of 218.75 GB (218.75 GB/node)
WARNING: Efficiency statistics may be misleading for RUNNING jobs.
