********************* Initialization *********************
# Initial conditions for neutrinos:
PHIs = 10, THETAs=10, Vs=100
Total neutrinos: 10000
# Simulation parameters:
Simulation box: L025N752
Snapshot from 0036 (z=0) to 0013 (z=4)
Pre/Sim CPUs 128/128
DM limit for cells: 10
# File management:
Box files directory: 
 /projects/0/einf180/Tango_sims/L025N752/DMONLY/SigmaConstant00
Output directory: 
 /gpfs/home4/zimmer/neutrino_clustering_V2/L025N752/DMONLY/SigmaConstant00
**********************************************************
********Number density band********
Halo batch params (Rvir,Mvir,cNFW):
[[253.5523526   12.24058042   6.9286026 ]]
***********************************
halo 1/1 ; snapshot 0036

JOB STATISTICS
==============
Job ID: 1932607
Cluster: snellius
User/Group: zimmer/zimmer
State: TIMEOUT (exit code 0)
Nodes: 1
Cores per node: 128
CPU Utilized: 00:00:00
CPU Efficiency: 0.00% of 21-08:34:08 core-walltime
Job Wall-clock time: 04:00:16
Memory Utilized: 113.08 GB
Memory Efficiency: 51.69% of 218.75 GB
