********************* Initialization *********************
# Initial conditions for neutrinos:
PHIs = 20, THETAs=20, Vs=200
Total neutrinos: 80000
# Simulation parameters:
Simulation box: L025N752
Snapshot from 0036 (z=0) to 0013 (z=4)
Pre/Sim CPUs 128/128
DM limit for cells: 1000
DM mass of sim box in log10 Msun: 6.1577
Smoothening length of sim box in kpc: 0.65
# File management:
Box files directory: 
 /projects/0/einf180/Tango_sims/L025N752/DMONLY/SigmaConstant00
Output directory: 
 /gpfs/home4/zimmer/neutrino_clustering_V2/L025N752/DMONLY/SigmaConstant00
**********************************************************
benchmark halo ; snapshot 0036
benchmark halo ; snapshot 0035
benchmark halo ; snapshot 0034

JOB STATISTICS
==============
Job ID: 2226069
Cluster: snellius
User/Group: zimmer/zimmer
State: TIMEOUT (exit code 0)
Nodes: 1
Cores per node: 128
CPU Utilized: 00:00:00
CPU Efficiency: 0.00% of 10-16:21:20 core-walltime
Job Wall-clock time: 02:00:10
Memory Utilized: 78.38 GB
Memory Efficiency: 35.83% of 218.75 GB
