********Numerical Simulation: Mode=single_halos********
Halo batch params (Rvir,Mvir,cNFW):
[[253.5523526   12.24058042   6.9286026 ]]
***********************************
halo 1/1 ; snapshot 0012
halo 1/1 ; snapshot 0013
halo 1/1 ; snapshot 0014
halo 1/1 ; snapshot 0015
halo 1/1 ; snapshot 0016
halo 1/1 ; snapshot 0017
halo 1/1 ; snapshot 0018
halo 1/1 ; snapshot 0019
halo 1/1 ; snapshot 0020
halo 1/1 ; snapshot 0021
halo 1/1 ; snapshot 0022
halo 1/1 ; snapshot 0023
halo 1/1 ; snapshot 0024
halo 1/1 ; snapshot 0025
halo 1/1 ; snapshot 0026
halo 1/1 ; snapshot 0027
halo 1/1 ; snapshot 0028
halo 1/1 ; snapshot 0029
halo 1/1 ; snapshot 0030
halo 1/1 ; snapshot 0031
halo 1/1 ; snapshot 0032
halo 1/1 ; snapshot 0033
halo 1/1 ; snapshot 0034
halo 1/1 ; snapshot 0035
halo 1/1 ; snapshot 0036
***Running simulation: mode = single_halos***
halo=1/1, CPUs=128
Sim time: 25.52372224908322 min, 0.4253953708180537 h.
Total time: 84.80109107923151 min, 1.4133515179871918 h.
From 1 to and incl. 10000
Batch 1/8 done!
From 10001 to and incl. 20000
Batch 2/8 done!
From 20001 to and incl. 30000
Batch 3/8 done!
From 30001 to and incl. 40000
Batch 4/8 done!
From 40001 to and incl. 50000
Batch 5/8 done!
From 50001 to and incl. 60000
Batch 6/8 done!
From 60001 to and incl. 70000
Batch 7/8 done!
From 70001 to and incl. 80000
Batch 8/8 done!
Sim time: 2.9504163918822695 min, 0.04917360653137116 h.

JOB STATISTICS
==============
Job ID: 2437945
Cluster: snellius
User/Group: zimmer/zimmer
State: RUNNING
Nodes: 1
Cores per node: 128
CPU Utilized: 00:00:00
CPU Efficiency: 0.00% of 7-20:24:32 core-walltime
Job Wall-clock time: 01:28:19
Memory Utilized: 0.00 MB (estimated maximum)
Memory Efficiency: 0.00% of 218.75 GB (218.75 GB/node)
WARNING: Efficiency statistics may be misleading for RUNNING jobs.
