halo 1/10 ; snapshot 0061
halo 1/10 ; snapshot 0059
halo 1/10 ; snapshot 0060
********************* Initialization *********************
# Initial conditions for neutrinos:
PHIs = 20, THETAs=20, Vs=200
Total neutrinos: 80000
# Simulation parameters:
Simulation box: L012N376
Snapshot from 0062 (z=0) to 0013 (z=4)
Pre/Sim CPUs 10/128
DM limit for cells: 1000
# File management:
Box files directory: 
 /projects/0/einf180/Tango_sims/L012N376/DMONLY/CDM_TF50
Output directory: 
 /gpfs/home4/zimmer/neutrino_clustering_V2/L012N376/DMONLY/CDM_TF50
**********************************************************
17
********Number density band********
Halo batch params (Rvir,Mvir,cNFW):
[[194.97752766  11.89833117  13.77313922]
 [233.71493957  12.13443691  11.13076874]
 [134.20486904  11.41168231   5.02346705]
 [299.54209457  12.45775108   8.69090077]
 [177.13417489  11.77328457   6.55849835]
 [151.26763808  11.56761557   7.42483687]
 [153.84672187  11.58964223  10.17826122]
 [180.75761547  11.7996673    7.7469711 ]
 [214.73678286  12.02409682   5.54456138]
 [140.61002231  11.47242632   6.92473537]]
***********************************
halo 1/10 ; snapshot 0062
halo 1/10 ; snapshot 0058
halo 1/10 ; snapshot 0059
halo 1/10 ; snapshot 0057
halo 1/10 ; snapshot 0056
halo 1/10 ; snapshot 0058
halo 1/10 ; snapshot 0061
halo 1/10 ; snapshot 0055
halo 1/10 ; snapshot 0057
halo 1/10 ; snapshot 0054
halo 1/10 ; snapshot 0053
halo 1/10 ; snapshot 0056
halo 1/10 ; snapshot 0052
halo 1/10 ; snapshot 0060
halo 1/10 ; snapshot 0055
halo 1/10 ; snapshot 0051
halo 1/10 ; snapshot 0054
halo 1/10 ; snapshot 0050
halo 1/10 ; snapshot 0049
halo 1/10 ; snapshot 0053
halo 1/10 ; snapshot 0059
halo 1/10 ; snapshot 0048
halo 1/10 ; snapshot 0052
halo 1/10 ; snapshot 0047
halo 1/10 ; snapshot 0051
halo 1/10 ; snapshot 0046
halo 1/10 ; snapshot 0058
halo 1/10 ; snapshot 0045
halo 1/10 ; snapshot 0050
halo 1/10 ; snapshot 0044
halo 1/10 ; snapshot 0049
halo 1/10 ; snapshot 0043
halo 1/10 ; snapshot 0048
halo 1/10 ; snapshot 0042
halo 1/10 ; snapshot 0057
halo 1/10 ; snapshot 0041
halo 1/10 ; snapshot 0047
halo 1/10 ; snapshot 0040
halo 1/10 ; snapshot 0046
halo 1/10 ; snapshot 0039
halo 1/10 ; snapshot 0038
halo 1/10 ; snapshot 0045
halo 1/10 ; snapshot 0056
halo 1/10 ; snapshot 0037
halo 1/10 ; snapshot 0044
halo 1/10 ; snapshot 0036
halo 1/10 ; snapshot 0035
halo 1/10 ; snapshot 0043
halo 1/10 ; snapshot 0034
halo 1/10 ; snapshot 0055
halo 1/10 ; snapshot 0033
halo 1/10 ; snapshot 0042
halo 1/10 ; snapshot 0032
halo 1/10 ; snapshot 0041
halo 1/10 ; snapshot 0031
halo 1/10 ; snapshot 0030
halo 1/10 ; snapshot 0054
halo 1/10 ; snapshot 0040
halo 1/10 ; snapshot 0029
halo 1/10 ; snapshot 0028
halo 1/10 ; snapshot 0039
halo 1/10 ; snapshot 0027
halo 1/10 ; snapshot 0026
halo 1/10 ; snapshot 0038
halo 1/10 ; snapshot 0025
halo 1/10 ; snapshot 0053
halo 1/10 ; snapshot 0024
halo 1/10 ; snapshot 0023
halo 1/10 ; snapshot 0037
halo 1/10 ; snapshot 0022
halo 1/10 ; snapshot 0021
halo 1/10 ; snapshot 0036
halo 1/10 ; snapshot 0020
halo 1/10 ; snapshot 0019
halo 1/10 ; snapshot 0018
halo 1/10 ; snapshot 0052
halo 1/10 ; snapshot 0035
halo 1/10 ; snapshot 0017
halo 1/10 ; snapshot 0016
halo 1/10 ; snapshot 0015
halo 1/10 ; snapshot 0014
halo 1/10 ; snapshot 0034
halo 1/10 ; snapshot 0013
***Running simulation with 128 CPUs***
Sim time min/h: 0.1548746541501411 min, 0.002581244235835685 h.
halo 2/10 ; snapshot 0062
halo 1/10 ; snapshot 0033
halo 1/10 ; snapshot 0051
halo 1/10 ; snapshot 0032
halo 2/10 ; snapshot 0061
halo 1/10 ; snapshot 0031
halo 2/10 ; snapshot 0060
halo 1/10 ; snapshot 0050
halo 1/10 ; snapshot 0030
halo 2/10 ; snapshot 0059
halo 1/10 ; snapshot 0029
halo 2/10 ; snapshot 0058
halo 1/10 ; snapshot 0028
halo 2/10 ; snapshot 0057
halo 1/10 ; snapshot 0049
halo 1/10 ; snapshot 0027
halo 2/10 ; snapshot 0056
halo 1/10 ; snapshot 0026
halo 2/10 ; snapshot 0055
halo 1/10 ; snapshot 0025
halo 1/10 ; snapshot 0048
halo 2/10 ; snapshot 0054
halo 1/10 ; snapshot 0024
halo 2/10 ; snapshot 0053
halo 1/10 ; snapshot 0023
halo 2/10 ; snapshot 0052
halo 1/10 ; snapshot 0047
halo 1/10 ; snapshot 0022
halo 1/10 ; snapshot 0021
halo 2/10 ; snapshot 0051
halo 1/10 ; snapshot 0020
halo 2/10 ; snapshot 0050
halo 1/10 ; snapshot 0046
halo 1/10 ; snapshot 0019
halo 2/10 ; snapshot 0049
halo 1/10 ; snapshot 0018
halo 1/10 ; snapshot 0017
halo 2/10 ; snapshot 0048
halo 1/10 ; snapshot 0016
halo 1/10 ; snapshot 0045
halo 2/10 ; snapshot 0047
halo 1/10 ; snapshot 0015
halo 1/10 ; snapshot 0014
halo 2/10 ; snapshot 0046
halo 1/10 ; snapshot 0013
***Running simulation with 128 CPUs***
halo 1/10 ; snapshot 0044
halo 2/10 ; snapshot 0045
Sim time min/h: 0.220938960199904 min, 0.0036823160033317335 h.
halo 2/10 ; snapshot 0062
halo 2/10 ; snapshot 0044
halo 2/10 ; snapshot 0043
halo 1/10 ; snapshot 0043
halo 2/10 ; snapshot 0061
halo 2/10 ; snapshot 0042
halo 2/10 ; snapshot 0041
halo 2/10 ; snapshot 0060
halo 1/10 ; snapshot 0042
halo 2/10 ; snapshot 0040
halo 2/10 ; snapshot 0039
halo 2/10 ; snapshot 0059
halo 2/10 ; snapshot 0038
halo 2/10 ; snapshot 0037
halo 1/10 ; snapshot 0041
halo 2/10 ; snapshot 0058
halo 2/10 ; snapshot 0036
halo 2/10 ; snapshot 0035
halo 2/10 ; snapshot 0034
halo 2/10 ; snapshot 0057
halo 2/10 ; snapshot 0033
halo 1/10 ; snapshot 0040
halo 2/10 ; snapshot 0032
halo 2/10 ; snapshot 0031
halo 2/10 ; snapshot 0030
halo 2/10 ; snapshot 0056
halo 2/10 ; snapshot 0029
halo 2/10 ; snapshot 0028
halo 1/10 ; snapshot 0039
halo 2/10 ; snapshot 0027
halo 2/10 ; snapshot 0055
halo 2/10 ; snapshot 0026
halo 2/10 ; snapshot 0025
halo 2/10 ; snapshot 0024
halo 1/10 ; snapshot 0038
halo 2/10 ; snapshot 0054
halo 2/10 ; snapshot 0023
halo 2/10 ; snapshot 0022
halo 2/10 ; snapshot 0021
halo 2/10 ; snapshot 0053
halo 2/10 ; snapshot 0020
halo 1/10 ; snapshot 0037
halo 2/10 ; snapshot 0019
halo 2/10 ; snapshot 0018
halo 2/10 ; snapshot 0052
halo 2/10 ; snapshot 0017
halo 2/10 ; snapshot 0016
halo 1/10 ; snapshot 0036
halo 2/10 ; snapshot 0015
halo 2/10 ; snapshot 0014
halo 2/10 ; snapshot 0051
halo 2/10 ; snapshot 0013
***Running simulation with 128 CPUs***
Sim time min/h: 0.2252249122665186 min, 0.0037537485377753103 h.
halo 3/10 ; snapshot 0062
halo 3/10 ; snapshot 0061
halo 1/10 ; snapshot 0035
halo 3/10 ; snapshot 0060
halo 2/10 ; snapshot 0050
halo 3/10 ; snapshot 0059
halo 3/10 ; snapshot 0058
halo 3/10 ; snapshot 0057
halo 3/10 ; snapshot 0056
halo 3/10 ; snapshot 0055
halo 2/10 ; snapshot 0049
halo 3/10 ; snapshot 0054
halo 1/10 ; snapshot 0034
halo 3/10 ; snapshot 0053
halo 3/10 ; snapshot 0052
halo 3/10 ; snapshot 0051
halo 3/10 ; snapshot 0050
halo 2/10 ; snapshot 0048
halo 3/10 ; snapshot 0049
halo 3/10 ; snapshot 0048
halo 3/10 ; snapshot 0047
halo 3/10 ; snapshot 0046
halo 1/10 ; snapshot 0033
halo 3/10 ; snapshot 0045
halo 2/10 ; snapshot 0047
halo 3/10 ; snapshot 0044
halo 3/10 ; snapshot 0043
halo 3/10 ; snapshot 0042
halo 3/10 ; snapshot 0041
halo 3/10 ; snapshot 0040
halo 2/10 ; snapshot 0046
halo 3/10 ; snapshot 0039
halo 3/10 ; snapshot 0038
halo 3/10 ; snapshot 0037
halo 1/10 ; snapshot 0032
halo 3/10 ; snapshot 0036
halo 3/10 ; snapshot 0035
halo 2/10 ; snapshot 0045
halo 3/10 ; snapshot 0034
halo 3/10 ; snapshot 0033
halo 3/10 ; snapshot 0032
halo 3/10 ; snapshot 0031
halo 2/10 ; snapshot 0044
halo 3/10 ; snapshot 0030
halo 3/10 ; snapshot 0029
halo 1/10 ; snapshot 0031
halo 3/10 ; snapshot 0028
halo 3/10 ; snapshot 0027
halo 3/10 ; snapshot 0026
halo 2/10 ; snapshot 0043
halo 3/10 ; snapshot 0025
halo 3/10 ; snapshot 0024
halo 3/10 ; snapshot 0023
halo 3/10 ; snapshot 0022
halo 3/10 ; snapshot 0021
halo 1/10 ; snapshot 0030
halo 3/10 ; snapshot 0020
halo 2/10 ; snapshot 0042
halo 3/10 ; snapshot 0019
halo 3/10 ; snapshot 0018
halo 3/10 ; snapshot 0017
halo 3/10 ; snapshot 0016
halo 3/10 ; snapshot 0015
halo 3/10 ; snapshot 0014
halo 2/10 ; snapshot 0041
halo 3/10 ; snapshot 0013
***Running simulation with 128 CPUs***
halo 1/10 ; snapshot 0029
Sim time min/h: 0.1562307981167881 min, 0.002603846635279802 h.
halo 4/10 ; snapshot 0062
halo 2/10 ; snapshot 0040
halo 2/10 ; snapshot 0039
halo 1/10 ; snapshot 0028
halo 4/10 ; snapshot 0061
halo 2/10 ; snapshot 0038
halo 2/10 ; snapshot 0037
halo 4/10 ; snapshot 0060
halo 1/10 ; snapshot 0027
halo 2/10 ; snapshot 0036
halo 4/10 ; snapshot 0059
halo 2/10 ; snapshot 0035
halo 1/10 ; snapshot 0026
halo 2/10 ; snapshot 0034
halo 2/10 ; snapshot 0033
halo 4/10 ; snapshot 0058
halo 1/10 ; snapshot 0025
halo 2/10 ; snapshot 0032
halo 2/10 ; snapshot 0031
halo 4/10 ; snapshot 0057
halo 2/10 ; snapshot 0030
halo 1/10 ; snapshot 0024
halo 2/10 ; snapshot 0029
halo 2/10 ; snapshot 0028
halo 4/10 ; snapshot 0056
halo 2/10 ; snapshot 0027
halo 1/10 ; snapshot 0023
halo 2/10 ; snapshot 0026
halo 4/10 ; snapshot 0055
halo 2/10 ; snapshot 0025
halo 1/10 ; snapshot 0022
halo 2/10 ; snapshot 0024
halo 2/10 ; snapshot 0023
halo 4/10 ; snapshot 0054
halo 2/10 ; snapshot 0022
halo 1/10 ; snapshot 0021
halo 2/10 ; snapshot 0021
halo 4/10 ; snapshot 0053
halo 2/10 ; snapshot 0020
halo 1/10 ; snapshot 0020
halo 2/10 ; snapshot 0019
halo 4/10 ; snapshot 0052
halo 2/10 ; snapshot 0018
halo 2/10 ; snapshot 0017
halo 1/10 ; snapshot 0019
halo 2/10 ; snapshot 0016
halo 4/10 ; snapshot 0051
halo 2/10 ; snapshot 0015
halo 2/10 ; snapshot 0014
halo 1/10 ; snapshot 0018
halo 2/10 ; snapshot 0013
***Running simulation with 128 CPUs***
halo 4/10 ; snapshot 0050
Sim time min/h: 0.18938053783397965 min, 0.003156342297232994 h.
halo 3/10 ; snapshot 0062
halo 3/10 ; snapshot 0061
halo 1/10 ; snapshot 0017
halo 3/10 ; snapshot 0060
halo 3/10 ; snapshot 0059
halo 4/10 ; snapshot 0049
halo 3/10 ; snapshot 0058
halo 3/10 ; snapshot 0057
halo 1/10 ; snapshot 0016
halo 3/10 ; snapshot 0056
halo 3/10 ; snapshot 0055
halo 4/10 ; snapshot 0048
halo 3/10 ; snapshot 0054
halo 3/10 ; snapshot 0053
halo 1/10 ; snapshot 0015
halo 3/10 ; snapshot 0052
halo 3/10 ; snapshot 0051
halo 3/10 ; snapshot 0050
halo 4/10 ; snapshot 0047
halo 3/10 ; snapshot 0049
halo 1/10 ; snapshot 0014
halo 3/10 ; snapshot 0048
halo 3/10 ; snapshot 0047
halo 3/10 ; snapshot 0046
halo 4/10 ; snapshot 0046
halo 3/10 ; snapshot 0045
halo 1/10 ; snapshot 0013
halo 3/10 ; snapshot 0044
halo 3/10 ; snapshot 0043
halo 3/10 ; snapshot 0042
***Running simulation with 128 CPUs***
halo 4/10 ; snapshot 0045
halo 3/10 ; snapshot 0041
halo 3/10 ; snapshot 0040
halo 3/10 ; snapshot 0039
halo 3/10 ; snapshot 0038
halo 3/10 ; snapshot 0037
halo 4/10 ; snapshot 0044
halo 3/10 ; snapshot 0036
halo 3/10 ; snapshot 0035
halo 3/10 ; snapshot 0034
halo 3/10 ; snapshot 0033
Sim time min/h: 0.14449395958314806 min, 0.0024082326597191345 h.
halo 2/10 ; snapshot 0062
halo 3/10 ; snapshot 0032
halo 4/10 ; snapshot 0043
halo 3/10 ; snapshot 0031
halo 3/10 ; snapshot 0030
halo 3/10 ; snapshot 0029
halo 3/10 ; snapshot 0028
halo 4/10 ; snapshot 0042
halo 3/10 ; snapshot 0027
halo 3/10 ; snapshot 0026
halo 3/10 ; snapshot 0025
halo 3/10 ; snapshot 0024
halo 4/10 ; snapshot 0041
halo 3/10 ; snapshot 0023
halo 3/10 ; snapshot 0022
halo 3/10 ; snapshot 0021
halo 3/10 ; snapshot 0020
halo 4/10 ; snapshot 0040
halo 3/10 ; snapshot 0019
halo 3/10 ; snapshot 0018
halo 2/10 ; snapshot 0061
halo 3/10 ; snapshot 0017
halo 3/10 ; snapshot 0016
halo 4/10 ; snapshot 0039
halo 3/10 ; snapshot 0015
halo 3/10 ; snapshot 0014
halo 3/10 ; snapshot 0013
***Running simulation with 128 CPUs***
halo 4/10 ; snapshot 0038
Sim time min/h: 0.16428538034961093 min, 0.0027380896724935157 h.
halo 4/10 ; snapshot 0062
halo 4/10 ; snapshot 0037
halo 4/10 ; snapshot 0036
halo 4/10 ; snapshot 0061
halo 4/10 ; snapshot 0035
halo 2/10 ; snapshot 0060
halo 4/10 ; snapshot 0060
halo 4/10 ; snapshot 0034
halo 4/10 ; snapshot 0033
halo 4/10 ; snapshot 0059
halo 4/10 ; snapshot 0032
halo 4/10 ; snapshot 0031
halo 4/10 ; snapshot 0058
halo 4/10 ; snapshot 0030
halo 2/10 ; snapshot 0059
halo 4/10 ; snapshot 0029
halo 4/10 ; snapshot 0028
halo 4/10 ; snapshot 0057
halo 4/10 ; snapshot 0027
halo 4/10 ; snapshot 0026
halo 4/10 ; snapshot 0025
halo 4/10 ; snapshot 0056
halo 4/10 ; snapshot 0024
halo 4/10 ; snapshot 0023
halo 4/10 ; snapshot 0022
halo 4/10 ; snapshot 0021
halo 4/10 ; snapshot 0020
halo 4/10 ; snapshot 0055
halo 4/10 ; snapshot 0019
halo 2/10 ; snapshot 0058
halo 4/10 ; snapshot 0018
halo 4/10 ; snapshot 0017
halo 4/10 ; snapshot 0016
halo 4/10 ; snapshot 0015
halo 4/10 ; snapshot 0014
halo 4/10 ; snapshot 0013
***Running simulation with 128 CPUs***
halo 4/10 ; snapshot 0054
Sim time min/h: 0.17871334826631938 min, 0.0029785558044386562 h.
halo 5/10 ; snapshot 0062
halo 5/10 ; snapshot 0061
halo 5/10 ; snapshot 0060
halo 5/10 ; snapshot 0059
halo 5/10 ; snapshot 0058
halo 4/10 ; snapshot 0053
halo 5/10 ; snapshot 0057
halo 5/10 ; snapshot 0056
halo 5/10 ; snapshot 0055
halo 2/10 ; snapshot 0057
halo 5/10 ; snapshot 0054
halo 4/10 ; snapshot 0052
halo 5/10 ; snapshot 0053
halo 5/10 ; snapshot 0052
halo 5/10 ; snapshot 0051
halo 5/10 ; snapshot 0050
halo 5/10 ; snapshot 0049
halo 4/10 ; snapshot 0051
halo 5/10 ; snapshot 0048
halo 5/10 ; snapshot 0047
halo 5/10 ; snapshot 0046
halo 5/10 ; snapshot 0045
halo 4/10 ; snapshot 0050
halo 5/10 ; snapshot 0044
halo 2/10 ; snapshot 0056
halo 5/10 ; snapshot 0043
halo 5/10 ; snapshot 0042
halo 5/10 ; snapshot 0041
halo 5/10 ; snapshot 0040
halo 4/10 ; snapshot 0049
halo 5/10 ; snapshot 0039
halo 5/10 ; snapshot 0038
halo 5/10 ; snapshot 0037
halo 5/10 ; snapshot 0036
halo 4/10 ; snapshot 0048
halo 5/10 ; snapshot 0035
halo 5/10 ; snapshot 0034
halo 5/10 ; snapshot 0033
halo 2/10 ; snapshot 0055
halo 5/10 ; snapshot 0032
halo 5/10 ; snapshot 0031
halo 4/10 ; snapshot 0047
halo 5/10 ; snapshot 0030
halo 5/10 ; snapshot 0029
halo 5/10 ; snapshot 0028
halo 5/10 ; snapshot 0027
halo 5/10 ; snapshot 0026
halo 4/10 ; snapshot 0046
halo 5/10 ; snapshot 0025
halo 5/10 ; snapshot 0024
halo 5/10 ; snapshot 0023
halo 5/10 ; snapshot 0022
halo 5/10 ; snapshot 0021
halo 5/10 ; snapshot 0020
halo 2/10 ; snapshot 0054
halo 5/10 ; snapshot 0019
halo 5/10 ; snapshot 0018
halo 4/10 ; snapshot 0045
halo 5/10 ; snapshot 0017
halo 5/10 ; snapshot 0016
halo 5/10 ; snapshot 0015
halo 5/10 ; snapshot 0014
halo 5/10 ; snapshot 0013
***Running simulation with 128 CPUs***
Sim time min/h: 0.14580668651663775 min, 0.0024301114419439623 h.
halo 6/10 ; snapshot 0062
halo 6/10 ; snapshot 0061
halo 6/10 ; snapshot 0060
halo 6/10 ; snapshot 0059
halo 6/10 ; snapshot 0058
halo 4/10 ; snapshot 0044
halo 6/10 ; snapshot 0057
halo 6/10 ; snapshot 0056
halo 6/10 ; snapshot 0055
halo 6/10 ; snapshot 0054
halo 6/10 ; snapshot 0053
halo 6/10 ; snapshot 0052
halo 6/10 ; snapshot 0051
halo 6/10 ; snapshot 0050
halo 6/10 ; snapshot 0049
halo 2/10 ; snapshot 0053
halo 6/10 ; snapshot 0048
halo 4/10 ; snapshot 0043
halo 6/10 ; snapshot 0047
halo 6/10 ; snapshot 0046
halo 6/10 ; snapshot 0045
halo 6/10 ; snapshot 0044
halo 6/10 ; snapshot 0043
halo 6/10 ; snapshot 0042
halo 6/10 ; snapshot 0041
halo 6/10 ; snapshot 0040
halo 6/10 ; snapshot 0039
halo 4/10 ; snapshot 0042
halo 6/10 ; snapshot 0038
halo 6/10 ; snapshot 0037
halo 6/10 ; snapshot 0036
halo 6/10 ; snapshot 0035
halo 6/10 ; snapshot 0034
halo 6/10 ; snapshot 0033
halo 6/10 ; snapshot 0032
halo 6/10 ; snapshot 0031
halo 2/10 ; snapshot 0052
halo 6/10 ; snapshot 0030
halo 4/10 ; snapshot 0041
halo 6/10 ; snapshot 0029
halo 6/10 ; snapshot 0028
halo 6/10 ; snapshot 0027
halo 6/10 ; snapshot 0026
halo 6/10 ; snapshot 0025
halo 6/10 ; snapshot 0024
halo 6/10 ; snapshot 0023
halo 6/10 ; snapshot 0022
halo 6/10 ; snapshot 0021
halo 6/10 ; snapshot 0020
halo 6/10 ; snapshot 0019
halo 6/10 ; snapshot 0018
halo 4/10 ; snapshot 0040
halo 6/10 ; snapshot 0017
halo 6/10 ; snapshot 0016
halo 6/10 ; snapshot 0015
halo 6/10 ; snapshot 0014
halo 6/10 ; snapshot 0013
***Running simulation with 128 CPUs***
halo 2/10 ; snapshot 0051
Sim time min/h: 0.09727997611674558 min, 0.001621332935279093 h.
halo 7/10 ; snapshot 0062
halo 4/10 ; snapshot 0039
halo 7/10 ; snapshot 0061
halo 4/10 ; snapshot 0038
halo 2/10 ; snapshot 0050
halo 7/10 ; snapshot 0060
halo 4/10 ; snapshot 0037
halo 7/10 ; snapshot 0059
halo 2/10 ; snapshot 0049
halo 7/10 ; snapshot 0058
halo 4/10 ; snapshot 0036
halo 7/10 ; snapshot 0057
halo 2/10 ; snapshot 0048
halo 4/10 ; snapshot 0035
halo 7/10 ; snapshot 0056
halo 7/10 ; snapshot 0055
halo 4/10 ; snapshot 0034
halo 2/10 ; snapshot 0047
halo 7/10 ; snapshot 0054
halo 4/10 ; snapshot 0033
halo 7/10 ; snapshot 0053
halo 2/10 ; snapshot 0046
halo 7/10 ; snapshot 0052
halo 4/10 ; snapshot 0032
halo 2/10 ; snapshot 0045
halo 7/10 ; snapshot 0051
halo 4/10 ; snapshot 0031
halo 7/10 ; snapshot 0050
halo 2/10 ; snapshot 0044
halo 4/10 ; snapshot 0030
halo 7/10 ; snapshot 0049
halo 7/10 ; snapshot 0048
halo 4/10 ; snapshot 0029
halo 2/10 ; snapshot 0043
halo 7/10 ; snapshot 0047
halo 4/10 ; snapshot 0028
halo 7/10 ; snapshot 0046
halo 2/10 ; snapshot 0042
halo 7/10 ; snapshot 0045
halo 4/10 ; snapshot 0027
halo 7/10 ; snapshot 0044
halo 2/10 ; snapshot 0041
halo 4/10 ; snapshot 0026
halo 7/10 ; snapshot 0043
halo 7/10 ; snapshot 0042
halo 2/10 ; snapshot 0040
halo 4/10 ; snapshot 0025
halo 7/10 ; snapshot 0041
halo 7/10 ; snapshot 0040
halo 2/10 ; snapshot 0039
halo 7/10 ; snapshot 0039
halo 4/10 ; snapshot 0024
halo 7/10 ; snapshot 0038
halo 7/10 ; snapshot 0037
halo 2/10 ; snapshot 0038
halo 7/10 ; snapshot 0036
halo 4/10 ; snapshot 0023
halo 7/10 ; snapshot 0035
halo 7/10 ; snapshot 0034
halo 4/10 ; snapshot 0022
halo 7/10 ; snapshot 0033
halo 2/10 ; snapshot 0037
halo 7/10 ; snapshot 0032
halo 7/10 ; snapshot 0031
halo 4/10 ; snapshot 0021
halo 7/10 ; snapshot 0030
halo 2/10 ; snapshot 0036
halo 7/10 ; snapshot 0029
halo 4/10 ; snapshot 0020
halo 7/10 ; snapshot 0028
halo 7/10 ; snapshot 0027
halo 2/10 ; snapshot 0035
halo 7/10 ; snapshot 0026
halo 4/10 ; snapshot 0019
halo 7/10 ; snapshot 0025
halo 7/10 ; snapshot 0024
halo 4/10 ; snapshot 0018
halo 7/10 ; snapshot 0023
halo 2/10 ; snapshot 0034
halo 7/10 ; snapshot 0022
halo 4/10 ; snapshot 0017
halo 7/10 ; snapshot 0021
halo 7/10 ; snapshot 0020
halo 2/10 ; snapshot 0033
halo 4/10 ; snapshot 0016
halo 7/10 ; snapshot 0019
halo 7/10 ; snapshot 0018
halo 7/10 ; snapshot 0017
halo 4/10 ; snapshot 0015
halo 7/10 ; snapshot 0016
halo 7/10 ; snapshot 0015
halo 2/10 ; snapshot 0032
halo 7/10 ; snapshot 0014
halo 4/10 ; snapshot 0014
halo 7/10 ; snapshot 0013
***Running simulation with 128 CPUs***
Sim time min/h: 0.16648110626701965 min, 0.0027746851044503276 h.
halo 8/10 ; snapshot 0062
halo 4/10 ; snapshot 0013
halo 2/10 ; snapshot 0031
halo 8/10 ; snapshot 0061
***Running simulation with 128 CPUs***
halo 8/10 ; snapshot 0060
Sim time min/h: 0.1982343317164729 min, 0.0033039055286078816 h.
halo 5/10 ; snapshot 0062
halo 2/10 ; snapshot 0030
halo 8/10 ; snapshot 0059
halo 5/10 ; snapshot 0061
halo 8/10 ; snapshot 0058
halo 2/10 ; snapshot 0029
halo 8/10 ; snapshot 0057
halo 5/10 ; snapshot 0060
halo 8/10 ; snapshot 0056
halo 2/10 ; snapshot 0028
halo 5/10 ; snapshot 0059
halo 8/10 ; snapshot 0055
halo 8/10 ; snapshot 0054
halo 5/10 ; snapshot 0058
halo 2/10 ; snapshot 0027
halo 8/10 ; snapshot 0053
halo 5/10 ; snapshot 0057
halo 8/10 ; snapshot 0052
halo 8/10 ; snapshot 0051
halo 2/10 ; snapshot 0026
halo 5/10 ; snapshot 0056
halo 8/10 ; snapshot 0050
halo 5/10 ; snapshot 0055
halo 8/10 ; snapshot 0049
halo 2/10 ; snapshot 0025
halo 8/10 ; snapshot 0048
halo 5/10 ; snapshot 0054
halo 8/10 ; snapshot 0047
halo 8/10 ; snapshot 0046
halo 5/10 ; snapshot 0053
halo 2/10 ; snapshot 0024
halo 8/10 ; snapshot 0045
halo 5/10 ; snapshot 0052
halo 8/10 ; snapshot 0044
halo 2/10 ; snapshot 0023
halo 8/10 ; snapshot 0043
halo 5/10 ; snapshot 0051
halo 8/10 ; snapshot 0042
halo 5/10 ; snapshot 0050
halo 8/10 ; snapshot 0041
halo 2/10 ; snapshot 0022
halo 8/10 ; snapshot 0040
halo 5/10 ; snapshot 0049
halo 8/10 ; snapshot 0039
halo 5/10 ; snapshot 0048
halo 2/10 ; snapshot 0021
halo 8/10 ; snapshot 0038
halo 8/10 ; snapshot 0037
halo 5/10 ; snapshot 0047
halo 8/10 ; snapshot 0036
halo 2/10 ; snapshot 0020
halo 5/10 ; snapshot 0046
halo 8/10 ; snapshot 0035
halo 8/10 ; snapshot 0034
halo 5/10 ; snapshot 0045
halo 2/10 ; snapshot 0019
halo 8/10 ; snapshot 0033
halo 5/10 ; snapshot 0044
halo 8/10 ; snapshot 0032
halo 8/10 ; snapshot 0031
halo 5/10 ; snapshot 0043
halo 2/10 ; snapshot 0018
halo 8/10 ; snapshot 0030
halo 8/10 ; snapshot 0029
halo 5/10 ; snapshot 0042
halo 8/10 ; snapshot 0028
halo 2/10 ; snapshot 0017
halo 5/10 ; snapshot 0041
halo 8/10 ; snapshot 0027
halo 8/10 ; snapshot 0026
halo 5/10 ; snapshot 0040
halo 2/10 ; snapshot 0016
halo 8/10 ; snapshot 0025
halo 8/10 ; snapshot 0024
halo 5/10 ; snapshot 0039
halo 8/10 ; snapshot 0023
halo 2/10 ; snapshot 0015
halo 8/10 ; snapshot 0022
halo 5/10 ; snapshot 0038
halo 8/10 ; snapshot 0021
halo 8/10 ; snapshot 0020
halo 8/10 ; snapshot 0019
halo 5/10 ; snapshot 0037
halo 2/10 ; snapshot 0014
halo 8/10 ; snapshot 0018
halo 8/10 ; snapshot 0017
halo 8/10 ; snapshot 0016
halo 5/10 ; snapshot 0036
halo 8/10 ; snapshot 0015
halo 2/10 ; snapshot 0013
halo 8/10 ; snapshot 0014
halo 8/10 ; snapshot 0013
***Running simulation with 128 CPUs***
halo 5/10 ; snapshot 0035
***Running simulation with 128 CPUs***
Sim time min/h: 0.15601687356684124 min, 0.0026002812261140206 h.
halo 9/10 ; snapshot 0062
halo 5/10 ; snapshot 0034
halo 9/10 ; snapshot 0061
Sim time min/h: 0.255492798932634 min, 0.0042582133155438994 h.
halo 3/10 ; snapshot 0062
halo 9/10 ; snapshot 0060
halo 5/10 ; snapshot 0033
halo 9/10 ; snapshot 0059
halo 5/10 ; snapshot 0032
halo 9/10 ; snapshot 0058
halo 3/10 ; snapshot 0061
halo 5/10 ; snapshot 0031
halo 9/10 ; snapshot 0057
halo 9/10 ; snapshot 0056
halo 5/10 ; snapshot 0030
halo 3/10 ; snapshot 0060
halo 9/10 ; snapshot 0055
halo 5/10 ; snapshot 0029
halo 9/10 ; snapshot 0054
halo 5/10 ; snapshot 0028
halo 9/10 ; snapshot 0053
halo 3/10 ; snapshot 0059
halo 5/10 ; snapshot 0027
halo 9/10 ; snapshot 0052
halo 5/10 ; snapshot 0026
halo 9/10 ; snapshot 0051
halo 5/10 ; snapshot 0025
halo 3/10 ; snapshot 0058
halo 9/10 ; snapshot 0050
halo 5/10 ; snapshot 0024
halo 9/10 ; snapshot 0049
halo 5/10 ; snapshot 0023
halo 3/10 ; snapshot 0057
halo 9/10 ; snapshot 0048
halo 5/10 ; snapshot 0022
halo 9/10 ; snapshot 0047
halo 5/10 ; snapshot 0021
halo 9/10 ; snapshot 0046
halo 5/10 ; snapshot 0020
halo 3/10 ; snapshot 0056
halo 9/10 ; snapshot 0045
halo 5/10 ; snapshot 0019
halo 9/10 ; snapshot 0044
halo 5/10 ; snapshot 0018
halo 3/10 ; snapshot 0055
halo 5/10 ; snapshot 0017
halo 9/10 ; snapshot 0043
halo 5/10 ; snapshot 0016
halo 9/10 ; snapshot 0042
halo 5/10 ; snapshot 0015
halo 9/10 ; snapshot 0041
halo 3/10 ; snapshot 0054
halo 5/10 ; snapshot 0014
halo 9/10 ; snapshot 0040
halo 5/10 ; snapshot 0013
***Running simulation with 128 CPUs***
halo 9/10 ; snapshot 0039
Sim time min/h: 0.1432962772999114 min, 0.0023882712883318566 h.
halo 6/10 ; snapshot 0062
halo 3/10 ; snapshot 0053
halo 9/10 ; snapshot 0038
halo 6/10 ; snapshot 0061
halo 6/10 ; snapshot 0060
halo 9/10 ; snapshot 0037
halo 6/10 ; snapshot 0059
halo 9/10 ; snapshot 0036
halo 6/10 ; snapshot 0058
halo 3/10 ; snapshot 0052
halo 9/10 ; snapshot 0035
halo 6/10 ; snapshot 0057
halo 6/10 ; snapshot 0056
halo 9/10 ; snapshot 0034
halo 6/10 ; snapshot 0055
halo 3/10 ; snapshot 0051
halo 9/10 ; snapshot 0033
halo 6/10 ; snapshot 0054
halo 9/10 ; snapshot 0032
halo 6/10 ; snapshot 0053
halo 9/10 ; snapshot 0031
halo 6/10 ; snapshot 0052
halo 3/10 ; snapshot 0050
halo 9/10 ; snapshot 0030
halo 6/10 ; snapshot 0051
halo 9/10 ; snapshot 0029
halo 6/10 ; snapshot 0050
halo 9/10 ; snapshot 0028
halo 6/10 ; snapshot 0049
halo 9/10 ; snapshot 0027
halo 3/10 ; snapshot 0049
halo 6/10 ; snapshot 0048
halo 9/10 ; snapshot 0026
halo 6/10 ; snapshot 0047
halo 9/10 ; snapshot 0025
halo 6/10 ; snapshot 0046
halo 9/10 ; snapshot 0024
halo 6/10 ; snapshot 0045
halo 3/10 ; snapshot 0048
halo 9/10 ; snapshot 0023
halo 6/10 ; snapshot 0044
halo 9/10 ; snapshot 0022
halo 9/10 ; snapshot 0021
halo 6/10 ; snapshot 0043
halo 9/10 ; snapshot 0020
halo 6/10 ; snapshot 0042
halo 9/10 ; snapshot 0019
halo 3/10 ; snapshot 0047
halo 9/10 ; snapshot 0018
halo 6/10 ; snapshot 0041
halo 9/10 ; snapshot 0017
halo 9/10 ; snapshot 0016
halo 6/10 ; snapshot 0040
halo 9/10 ; snapshot 0015
halo 9/10 ; snapshot 0014
halo 6/10 ; snapshot 0039
halo 3/10 ; snapshot 0046
halo 9/10 ; snapshot 0013
***Running simulation with 128 CPUs***
halo 6/10 ; snapshot 0038
halo 6/10 ; snapshot 0037
halo 3/10 ; snapshot 0045
Sim time min/h: 0.1790860560334598 min, 0.0029847676005576636 h.
halo 10/10 ; snapshot 0062
halo 6/10 ; snapshot 0036
halo 3/10 ; snapshot 0044
halo 6/10 ; snapshot 0035
halo 10/10 ; snapshot 0061
halo 6/10 ; snapshot 0034
halo 3/10 ; snapshot 0043
halo 6/10 ; snapshot 0033
halo 3/10 ; snapshot 0042
halo 6/10 ; snapshot 0032
halo 10/10 ; snapshot 0060
halo 6/10 ; snapshot 0031
halo 3/10 ; snapshot 0041
halo 6/10 ; snapshot 0030
halo 10/10 ; snapshot 0059
halo 3/10 ; snapshot 0040
halo 6/10 ; snapshot 0029
halo 6/10 ; snapshot 0028
halo 3/10 ; snapshot 0039
halo 10/10 ; snapshot 0058
halo 6/10 ; snapshot 0027
halo 3/10 ; snapshot 0038
halo 6/10 ; snapshot 0026
halo 3/10 ; snapshot 0037
halo 10/10 ; snapshot 0057
halo 6/10 ; snapshot 0025
halo 3/10 ; snapshot 0036
halo 3/10 ; snapshot 0035
halo 6/10 ; snapshot 0024
halo 10/10 ; snapshot 0056
halo 3/10 ; snapshot 0034
halo 6/10 ; snapshot 0023
halo 3/10 ; snapshot 0033
halo 6/10 ; snapshot 0022
halo 3/10 ; snapshot 0032
halo 10/10 ; snapshot 0055
halo 6/10 ; snapshot 0021
halo 3/10 ; snapshot 0031
halo 6/10 ; snapshot 0020
halo 3/10 ; snapshot 0030
halo 6/10 ; snapshot 0019
halo 10/10 ; snapshot 0054
halo 3/10 ; snapshot 0029
halo 6/10 ; snapshot 0018
halo 3/10 ; snapshot 0028
halo 6/10 ; snapshot 0017
halo 3/10 ; snapshot 0027
halo 10/10 ; snapshot 0053
halo 6/10 ; snapshot 0016
halo 3/10 ; snapshot 0026
halo 6/10 ; snapshot 0015
halo 3/10 ; snapshot 0025
halo 10/10 ; snapshot 0052
halo 6/10 ; snapshot 0014
halo 3/10 ; snapshot 0024
halo 6/10 ; snapshot 0013
***Running simulation with 128 CPUs***
halo 3/10 ; snapshot 0023
halo 10/10 ; snapshot 0051
halo 3/10 ; snapshot 0022
halo 3/10 ; snapshot 0021
halo 3/10 ; snapshot 0020
halo 10/10 ; snapshot 0050
halo 3/10 ; snapshot 0019
halo 3/10 ; snapshot 0018
Sim time min/h: 0.1155040741005602 min, 0.0019250679016760033 h.
halo 7/10 ; snapshot 0062
halo 10/10 ; snapshot 0049
halo 3/10 ; snapshot 0017
halo 3/10 ; snapshot 0016
halo 10/10 ; snapshot 0048
halo 3/10 ; snapshot 0015
halo 3/10 ; snapshot 0014
halo 3/10 ; snapshot 0013
halo 10/10 ; snapshot 0047
***Running simulation with 128 CPUs***
halo 10/10 ; snapshot 0046
Sim time min/h: 0.1632584596334103 min, 0.002720974327223505 h.
halo 4/10 ; snapshot 0062
halo 10/10 ; snapshot 0045
halo 7/10 ; snapshot 0061
halo 10/10 ; snapshot 0044
halo 10/10 ; snapshot 0043
halo 4/10 ; snapshot 0061
halo 10/10 ; snapshot 0042
halo 10/10 ; snapshot 0041
halo 10/10 ; snapshot 0040
halo 10/10 ; snapshot 0039
halo 10/10 ; snapshot 0038
halo 10/10 ; snapshot 0037
halo 10/10 ; snapshot 0036
halo 10/10 ; snapshot 0035
halo 4/10 ; snapshot 0060
halo 10/10 ; snapshot 0034
halo 10/10 ; snapshot 0033
halo 10/10 ; snapshot 0032
halo 10/10 ; snapshot 0031
halo 7/10 ; snapshot 0060
halo 10/10 ; snapshot 0030
halo 10/10 ; snapshot 0029
halo 10/10 ; snapshot 0028
halo 10/10 ; snapshot 0027
halo 10/10 ; snapshot 0026
halo 10/10 ; snapshot 0025
halo 10/10 ; snapshot 0024
halo 10/10 ; snapshot 0023
halo 10/10 ; snapshot 0022
halo 10/10 ; snapshot 0021
halo 10/10 ; snapshot 0020
halo 10/10 ; snapshot 0019
halo 10/10 ; snapshot 0018
halo 10/10 ; snapshot 0017
halo 10/10 ; snapshot 0016
halo 4/10 ; snapshot 0059
halo 10/10 ; snapshot 0015
halo 10/10 ; snapshot 0014
halo 10/10 ; snapshot 0013
***Running simulation with 128 CPUs***
Sim time min/h: 0.18214203105017077 min, 0.0030357005175028462 h.
Total time: 350.0205235209001 min, 5.833675392015001 h.

JOB STATISTICS
==============
Job ID: 1794708
Cluster: snellius
User/Group: zimmer/zimmer
State: RUNNING
Nodes: 1
Cores per node: 128
CPU Utilized: 00:00:00
CPU Efficiency: 0.00% of 31-03:44:00 core-walltime
Job Wall-clock time: 05:50:30
Memory Utilized: 0.00 MB (estimated maximum)
Memory Efficiency: 0.00% of 218.75 GB (218.75 GB/node)
WARNING: Efficiency statistics may be misleading for RUNNING jobs.
halo 7/10 ; snapshot 0059
halo 4/10 ; snapshot 0058
halo 4/10 ; snapshot 0057
halo 7/10 ; snapshot 0058
halo 4/10 ; snapshot 0056
halo 4/10 ; snapshot 0055
halo 7/10 ; snapshot 0057
halo 4/10 ; snapshot 0054
halo 4/10 ; snapshot 0053
halo 7/10 ; snapshot 0056
halo 4/10 ; snapshot 0052
halo 7/10 ; snapshot 0055
halo 4/10 ; snapshot 0051
halo 4/10 ; snapshot 0050
halo 7/10 ; snapshot 0054
halo 4/10 ; snapshot 0049
halo 7/10 ; snapshot 0053
halo 4/10 ; snapshot 0048
halo 4/10 ; snapshot 0047
halo 7/10 ; snapshot 0052
halo 4/10 ; snapshot 0046
halo 7/10 ; snapshot 0051
halo 4/10 ; snapshot 0045
halo 7/10 ; snapshot 0050
halo 4/10 ; snapshot 0044
halo 4/10 ; snapshot 0043
halo 7/10 ; snapshot 0049
halo 4/10 ; snapshot 0042
halo 7/10 ; snapshot 0048
halo 4/10 ; snapshot 0041
halo 7/10 ; snapshot 0047
halo 7/10 ; snapshot 0046
halo 4/10 ; snapshot 0040
halo 7/10 ; snapshot 0045
halo 4/10 ; snapshot 0039
halo 7/10 ; snapshot 0044
halo 7/10 ; snapshot 0043
halo 4/10 ; snapshot 0038
halo 7/10 ; snapshot 0042
halo 4/10 ; snapshot 0037
halo 7/10 ; snapshot 0041
halo 4/10 ; snapshot 0036
halo 7/10 ; snapshot 0040
halo 7/10 ; snapshot 0039
halo 4/10 ; snapshot 0035
halo 7/10 ; snapshot 0038
halo 4/10 ; snapshot 0034
halo 7/10 ; snapshot 0037
halo 4/10 ; snapshot 0033
halo 7/10 ; snapshot 0036
halo 4/10 ; snapshot 0032
halo 7/10 ; snapshot 0035
halo 4/10 ; snapshot 0031
halo 7/10 ; snapshot 0034
halo 7/10 ; snapshot 0033
halo 4/10 ; snapshot 0030
halo 7/10 ; snapshot 0032
halo 4/10 ; snapshot 0029
halo 7/10 ; snapshot 0031
halo 4/10 ; snapshot 0028
halo 7/10 ; snapshot 0030
halo 4/10 ; snapshot 0027
halo 7/10 ; snapshot 0029
halo 4/10 ; snapshot 0026
halo 7/10 ; snapshot 0028
halo 4/10 ; snapshot 0025
halo 7/10 ; snapshot 0027
halo 4/10 ; snapshot 0024
halo 7/10 ; snapshot 0026
halo 4/10 ; snapshot 0023
halo 7/10 ; snapshot 0025
halo 7/10 ; snapshot 0024
halo 4/10 ; snapshot 0022
halo 7/10 ; snapshot 0023
halo 4/10 ; snapshot 0021
halo 7/10 ; snapshot 0022
halo 4/10 ; snapshot 0020
halo 7/10 ; snapshot 0021
halo 7/10 ; snapshot 0020
halo 4/10 ; snapshot 0019
halo 7/10 ; snapshot 0019
halo 4/10 ; snapshot 0018
halo 7/10 ; snapshot 0018
halo 4/10 ; snapshot 0017
halo 7/10 ; snapshot 0017
halo 7/10 ; snapshot 0016
halo 4/10 ; snapshot 0016
halo 7/10 ; snapshot 0015
halo 4/10 ; snapshot 0015
halo 7/10 ; snapshot 0014
halo 7/10 ; snapshot 0013
***Running simulation with 128 CPUs***
halo 4/10 ; snapshot 0014
Sim time min/h: 0.15562911038383997 min, 0.002593818506397333 h.
halo 8/10 ; snapshot 0062
halo 8/10 ; snapshot 0061
halo 8/10 ; snapshot 0060
halo 4/10 ; snapshot 0013
halo 8/10 ; snapshot 0059
halo 8/10 ; snapshot 0058
***Running simulation with 128 CPUs***
halo 8/10 ; snapshot 0057
Sim time min/h: 0.1859037245497651 min, 0.0030983954091627513 h.
halo 5/10 ; snapshot 0062
halo 8/10 ; snapshot 0056
halo 5/10 ; snapshot 0061
halo 8/10 ; snapshot 0055
halo 5/10 ; snapshot 0060
halo 8/10 ; snapshot 0054
halo 5/10 ; snapshot 0059
halo 8/10 ; snapshot 0053
halo 8/10 ; snapshot 0052
halo 5/10 ; snapshot 0058
halo 8/10 ; snapshot 0051
halo 5/10 ; snapshot 0057
halo 8/10 ; snapshot 0050
halo 5/10 ; snapshot 0056
halo 8/10 ; snapshot 0049
halo 5/10 ; snapshot 0055
halo 8/10 ; snapshot 0048
halo 8/10 ; snapshot 0047
halo 5/10 ; snapshot 0054
halo 8/10 ; snapshot 0046
halo 5/10 ; snapshot 0053
halo 8/10 ; snapshot 0045
halo 5/10 ; snapshot 0052
halo 8/10 ; snapshot 0044
halo 8/10 ; snapshot 0043
halo 5/10 ; snapshot 0051
halo 8/10 ; snapshot 0042
halo 5/10 ; snapshot 0050
halo 8/10 ; snapshot 0041
halo 5/10 ; snapshot 0049
halo 8/10 ; snapshot 0040
halo 5/10 ; snapshot 0048
halo 8/10 ; snapshot 0039
halo 8/10 ; snapshot 0038
halo 5/10 ; snapshot 0047
halo 8/10 ; snapshot 0037
halo 5/10 ; snapshot 0046
halo 8/10 ; snapshot 0036
halo 5/10 ; snapshot 0045
halo 8/10 ; snapshot 0035
halo 8/10 ; snapshot 0034
halo 5/10 ; snapshot 0044
halo 8/10 ; snapshot 0033
halo 5/10 ; snapshot 0043
halo 8/10 ; snapshot 0032
halo 5/10 ; snapshot 0042
halo 8/10 ; snapshot 0031
halo 5/10 ; snapshot 0041
halo 8/10 ; snapshot 0030
halo 8/10 ; snapshot 0029
halo 5/10 ; snapshot 0040
halo 8/10 ; snapshot 0028
halo 5/10 ; snapshot 0039
halo 8/10 ; snapshot 0027
halo 5/10 ; snapshot 0038
halo 8/10 ; snapshot 0026
halo 5/10 ; snapshot 0037
halo 8/10 ; snapshot 0025
halo 8/10 ; snapshot 0024
halo 5/10 ; snapshot 0036
halo 8/10 ; snapshot 0023
halo 5/10 ; snapshot 0035
halo 8/10 ; snapshot 0022
halo 8/10 ; snapshot 0021
halo 5/10 ; snapshot 0034
halo 8/10 ; snapshot 0020
halo 8/10 ; snapshot 0019
halo 5/10 ; snapshot 0033
halo 8/10 ; snapshot 0018
halo 8/10 ; snapshot 0017
halo 5/10 ; snapshot 0032
halo 8/10 ; snapshot 0016
halo 8/10 ; snapshot 0015
halo 5/10 ; snapshot 0031
halo 8/10 ; snapshot 0014
halo 8/10 ; snapshot 0013
***Running simulation with 128 CPUs***
halo 5/10 ; snapshot 0030
Sim time min/h: 0.2217112508660648 min, 0.0036951875144344134 h.
halo 9/10 ; snapshot 0062
halo 5/10 ; snapshot 0029
halo 9/10 ; snapshot 0061
halo 5/10 ; snapshot 0028
halo 9/10 ; snapshot 0060
halo 9/10 ; snapshot 0059
halo 5/10 ; snapshot 0027
halo 9/10 ; snapshot 0058
halo 5/10 ; snapshot 0026
halo 9/10 ; snapshot 0057
halo 5/10 ; snapshot 0025
halo 9/10 ; snapshot 0056
halo 5/10 ; snapshot 0024
halo 9/10 ; snapshot 0055
halo 5/10 ; snapshot 0023
halo 9/10 ; snapshot 0054
halo 5/10 ; snapshot 0022
halo 9/10 ; snapshot 0053
halo 9/10 ; snapshot 0052
halo 5/10 ; snapshot 0021
halo 9/10 ; snapshot 0051
halo 5/10 ; snapshot 0020
halo 9/10 ; snapshot 0050
halo 5/10 ; snapshot 0019
halo 9/10 ; snapshot 0049
halo 5/10 ; snapshot 0018
halo 9/10 ; snapshot 0048
halo 5/10 ; snapshot 0017
halo 9/10 ; snapshot 0047
halo 5/10 ; snapshot 0016
halo 9/10 ; snapshot 0046
halo 5/10 ; snapshot 0015
halo 9/10 ; snapshot 0045
halo 5/10 ; snapshot 0014
halo 9/10 ; snapshot 0044
halo 5/10 ; snapshot 0013
halo 9/10 ; snapshot 0043
***Running simulation with 128 CPUs***
halo 9/10 ; snapshot 0042
halo 9/10 ; snapshot 0041
Sim time min/h: 0.13673686556673298 min, 0.0022789477594455498 h.
halo 6/10 ; snapshot 0062
halo 9/10 ; snapshot 0040
halo 9/10 ; snapshot 0039
halo 6/10 ; snapshot 0061
halo 9/10 ; snapshot 0038
halo 9/10 ; snapshot 0037
halo 6/10 ; snapshot 0060
halo 9/10 ; snapshot 0036
halo 9/10 ; snapshot 0035
halo 9/10 ; snapshot 0034
halo 6/10 ; snapshot 0059
halo 9/10 ; snapshot 0033
halo 9/10 ; snapshot 0032
halo 9/10 ; snapshot 0031
halo 6/10 ; snapshot 0058
halo 9/10 ; snapshot 0030
halo 9/10 ; snapshot 0029
halo 9/10 ; snapshot 0028
halo 6/10 ; snapshot 0057
halo 9/10 ; snapshot 0027
halo 9/10 ; snapshot 0026
halo 9/10 ; snapshot 0025
halo 6/10 ; snapshot 0056
halo 9/10 ; snapshot 0024
halo 9/10 ; snapshot 0023
halo 9/10 ; snapshot 0022
halo 6/10 ; snapshot 0055
halo 9/10 ; snapshot 0021
halo 9/10 ; snapshot 0020
halo 9/10 ; snapshot 0019
halo 9/10 ; snapshot 0018
halo 6/10 ; snapshot 0054
halo 9/10 ; snapshot 0017
halo 9/10 ; snapshot 0016
halo 9/10 ; snapshot 0015
halo 6/10 ; snapshot 0053
halo 9/10 ; snapshot 0014
halo 9/10 ; snapshot 0013
***Running simulation with 128 CPUs***
halo 6/10 ; snapshot 0052
halo 6/10 ; snapshot 0051
halo 6/10 ; snapshot 0050
Sim time min/h: 0.21990177286594795 min, 0.003665029547765799 h.
halo 10/10 ; snapshot 0062
halo 6/10 ; snapshot 0049
halo 6/10 ; snapshot 0048
halo 6/10 ; snapshot 0047
halo 10/10 ; snapshot 0061
halo 6/10 ; snapshot 0046
halo 6/10 ; snapshot 0045
halo 6/10 ; snapshot 0044
halo 6/10 ; snapshot 0043
halo 10/10 ; snapshot 0060
halo 6/10 ; snapshot 0042
halo 6/10 ; snapshot 0041
halo 6/10 ; snapshot 0040
halo 6/10 ; snapshot 0039
halo 10/10 ; snapshot 0059
halo 6/10 ; snapshot 0038
halo 6/10 ; snapshot 0037
halo 6/10 ; snapshot 0036
halo 6/10 ; snapshot 0035
halo 10/10 ; snapshot 0058
halo 6/10 ; snapshot 0034
halo 6/10 ; snapshot 0033
halo 6/10 ; snapshot 0032
halo 6/10 ; snapshot 0031
halo 10/10 ; snapshot 0057
halo 6/10 ; snapshot 0030
halo 6/10 ; snapshot 0029
halo 6/10 ; snapshot 0028
halo 6/10 ; snapshot 0027
halo 10/10 ; snapshot 0056
halo 6/10 ; snapshot 0026
halo 6/10 ; snapshot 0025
halo 6/10 ; snapshot 0024
halo 6/10 ; snapshot 0023
halo 6/10 ; snapshot 0022
halo 10/10 ; snapshot 0055
halo 6/10 ; snapshot 0021
halo 6/10 ; snapshot 0020
halo 6/10 ; snapshot 0019
halo 6/10 ; snapshot 0018
halo 10/10 ; snapshot 0054
halo 6/10 ; snapshot 0017
halo 6/10 ; snapshot 0016
halo 6/10 ; snapshot 0015
halo 10/10 ; snapshot 0053
halo 6/10 ; snapshot 0014
halo 6/10 ; snapshot 0013
***Running simulation with 128 CPUs***
halo 10/10 ; snapshot 0052
Sim time min/h: 0.11087584826649012 min, 0.001847930804441502 h.
halo 7/10 ; snapshot 0062
halo 10/10 ; snapshot 0051
halo 10/10 ; snapshot 0050
halo 7/10 ; snapshot 0061
halo 10/10 ; snapshot 0049
halo 10/10 ; snapshot 0048
halo 7/10 ; snapshot 0060
halo 10/10 ; snapshot 0047
halo 7/10 ; snapshot 0059
halo 10/10 ; snapshot 0046
halo 10/10 ; snapshot 0045
halo 7/10 ; snapshot 0058
halo 10/10 ; snapshot 0044
halo 10/10 ; snapshot 0043
halo 7/10 ; snapshot 0057
halo 10/10 ; snapshot 0042
halo 10/10 ; snapshot 0041
halo 10/10 ; snapshot 0040
halo 7/10 ; snapshot 0056
halo 10/10 ; snapshot 0039
halo 10/10 ; snapshot 0038
halo 10/10 ; snapshot 0037
halo 10/10 ; snapshot 0036
halo 10/10 ; snapshot 0035
halo 10/10 ; snapshot 0034
halo 7/10 ; snapshot 0055
halo 10/10 ; snapshot 0033
halo 10/10 ; snapshot 0032
halo 10/10 ; snapshot 0031
halo 10/10 ; snapshot 0030
halo 10/10 ; snapshot 0029
halo 10/10 ; snapshot 0028
halo 10/10 ; snapshot 0027
halo 10/10 ; snapshot 0026
halo 10/10 ; snapshot 0025
halo 10/10 ; snapshot 0024
halo 10/10 ; snapshot 0023
halo 10/10 ; snapshot 0022
halo 10/10 ; snapshot 0021
halo 10/10 ; snapshot 0020
halo 10/10 ; snapshot 0019
halo 10/10 ; snapshot 0018
halo 10/10 ; snapshot 0017
halo 10/10 ; snapshot 0016
halo 10/10 ; snapshot 0015
halo 10/10 ; snapshot 0014
halo 10/10 ; snapshot 0013
***Running simulation with 128 CPUs***
halo 7/10 ; snapshot 0054
Sim time min/h: 0.16383941921618922 min, 0.002730656986936487 h.
Total time: 729.5641214061839 min, 12.159402023436398 h.

JOB STATISTICS
==============
Job ID: 1794709
Cluster: snellius
User/Group: zimmer/zimmer
State: RUNNING
Nodes: 1
Cores per node: 128
CPU Utilized: 00:00:00
CPU Efficiency: 0.00% of 64-21:24:16 core-walltime
Job Wall-clock time: 12:10:02
Memory Utilized: 0.00 MB (estimated maximum)
Memory Efficiency: 0.00% of 218.75 GB (218.75 GB/node)
WARNING: Efficiency statistics may be misleading for RUNNING jobs.
halo 7/10 ; snapshot 0053
halo 7/10 ; snapshot 0052
halo 7/10 ; snapshot 0051
halo 7/10 ; snapshot 0050
halo 7/10 ; snapshot 0049
halo 7/10 ; snapshot 0048
halo 7/10 ; snapshot 0047
halo 7/10 ; snapshot 0046
halo 7/10 ; snapshot 0045
halo 7/10 ; snapshot 0044
halo 7/10 ; snapshot 0043
halo 7/10 ; snapshot 0042
halo 7/10 ; snapshot 0041
halo 7/10 ; snapshot 0040
halo 7/10 ; snapshot 0039
halo 7/10 ; snapshot 0038

JOB STATISTICS
==============
Job ID: 1794710
Cluster: snellius
User/Group: zimmer/zimmer
State: CANCELLED (exit code 0)
Nodes: 1
Cores per node: 128
CPU Utilized: 00:00:01
CPU Efficiency: 0.00% of 77-17:23:12 core-walltime
Job Wall-clock time: 14:34:24
Memory Utilized: 103.89 GB
Memory Efficiency: 47.49% of 218.75 GB
