********Numerical Simulation: Mode=all_sky********
Halo batch params (Rvir,Mvir,cNFW):
[[253.5523526   12.24058042   6.9286026 ]
 [158.62979351  11.62953177   8.03988676]
 [137.07912107  11.43929142   9.41292697]]
***********************************
halo 1/3 ; snapshot 0012
halo 1/3 ; snapshot 0013
halo 1/3 ; snapshot 0014
halo 1/3 ; snapshot 0015
halo 1/3 ; snapshot 0016
halo 1/3 ; snapshot 0017
halo 1/3 ; snapshot 0018
halo 1/3 ; snapshot 0019
halo 1/3 ; snapshot 0020
halo 1/3 ; snapshot 0021
halo 1/3 ; snapshot 0022
halo 1/3 ; snapshot 0023
halo 1/3 ; snapshot 0024
halo 1/3 ; snapshot 0025
halo 1/3 ; snapshot 0026
halo 1/3 ; snapshot 0027
halo 1/3 ; snapshot 0028
halo 1/3 ; snapshot 0029
halo 1/3 ; snapshot 0030
halo 1/3 ; snapshot 0031
halo 1/3 ; snapshot 0032
halo 1/3 ; snapshot 0033
halo 1/3 ; snapshot 0034
halo 1/3 ; snapshot 0035
halo 1/3 ; snapshot 0036
***Running simulation: mode = all_sky***
halo=1/3, CPUs=128
Coord. pair 1/48
Coord. pair 2/48
Coord. pair 3/48
Coord. pair 4/48
Coord. pair 5/48
Coord. pair 6/48
Coord. pair 7/48
Coord. pair 8/48
Coord. pair 9/48
Coord. pair 10/48
Coord. pair 11/48
Coord. pair 12/48
Coord. pair 13/48
Coord. pair 14/48
Coord. pair 15/48
Coord. pair 16/48
Coord. pair 17/48
Coord. pair 18/48
Coord. pair 19/48
Coord. pair 20/48
Coord. pair 21/48
Coord. pair 22/48
Coord. pair 23/48
Coord. pair 24/48
Coord. pair 25/48
Coord. pair 26/48
Coord. pair 27/48
Coord. pair 28/48
Coord. pair 29/48
Coord. pair 30/48
Coord. pair 31/48
Coord. pair 32/48
Coord. pair 33/48
Coord. pair 34/48
Coord. pair 35/48
Coord. pair 36/48
Coord. pair 37/48
Coord. pair 38/48
Coord. pair 39/48
Coord. pair 40/48
Coord. pair 41/48
Coord. pair 42/48
Coord. pair 43/48
Coord. pair 44/48
Coord. pair 45/48
Coord. pair 46/48
Coord. pair 47/48
Coord. pair 48/48
Sim time: 125.78689992656776 min, 2.0964483321094627 h.
halo 2/3 ; snapshot 0012
halo 2/3 ; snapshot 0013
halo 2/3 ; snapshot 0014
halo 2/3 ; snapshot 0015
halo 2/3 ; snapshot 0016
halo 2/3 ; snapshot 0017
halo 2/3 ; snapshot 0018
halo 2/3 ; snapshot 0019
halo 2/3 ; snapshot 0020
halo 2/3 ; snapshot 0021
halo 2/3 ; snapshot 0022
halo 2/3 ; snapshot 0023
halo 2/3 ; snapshot 0024
halo 2/3 ; snapshot 0025
halo 2/3 ; snapshot 0026
halo 2/3 ; snapshot 0027
halo 2/3 ; snapshot 0028
halo 2/3 ; snapshot 0029
halo 2/3 ; snapshot 0030
halo 2/3 ; snapshot 0031
halo 2/3 ; snapshot 0032
halo 2/3 ; snapshot 0033
halo 2/3 ; snapshot 0034
halo 2/3 ; snapshot 0035
halo 2/3 ; snapshot 0036
***Running simulation: mode = all_sky***
halo=2/3, CPUs=128
Coord. pair 1/48
Coord. pair 2/48
Coord. pair 3/48
Coord. pair 4/48
Coord. pair 5/48
Coord. pair 6/48
Coord. pair 7/48
Coord. pair 8/48
Coord. pair 9/48
Coord. pair 10/48
Coord. pair 11/48
Coord. pair 12/48
Coord. pair 13/48
Coord. pair 14/48
Coord. pair 15/48
Coord. pair 16/48
Coord. pair 17/48
Coord. pair 18/48
Coord. pair 19/48
Coord. pair 20/48
Coord. pair 21/48
Coord. pair 22/48
Coord. pair 23/48
Coord. pair 24/48
Coord. pair 25/48
Coord. pair 26/48
Coord. pair 27/48
Coord. pair 28/48
Coord. pair 29/48
Coord. pair 30/48
Coord. pair 31/48
Coord. pair 32/48
Coord. pair 33/48
Coord. pair 34/48
Coord. pair 35/48
Coord. pair 36/48
Coord. pair 37/48
Coord. pair 38/48
Coord. pair 39/48
Coord. pair 40/48
Coord. pair 41/48
Coord. pair 42/48
Coord. pair 43/48
Coord. pair 44/48
Coord. pair 45/48
Coord. pair 46/48
Coord. pair 47/48
Coord. pair 48/48
Sim time: 66.06156926310311 min, 1.1010261543850517 h.
halo 3/3 ; snapshot 0012
halo 3/3 ; snapshot 0013
halo 3/3 ; snapshot 0014
halo 3/3 ; snapshot 0015
halo 3/3 ; snapshot 0016
halo 3/3 ; snapshot 0017
halo 3/3 ; snapshot 0018
halo 3/3 ; snapshot 0019
halo 3/3 ; snapshot 0020
halo 3/3 ; snapshot 0021
halo 3/3 ; snapshot 0022
halo 3/3 ; snapshot 0023
halo 3/3 ; snapshot 0024
halo 3/3 ; snapshot 0025
halo 3/3 ; snapshot 0026
halo 3/3 ; snapshot 0027
halo 3/3 ; snapshot 0028
halo 3/3 ; snapshot 0029
halo 3/3 ; snapshot 0030
halo 3/3 ; snapshot 0031
halo 3/3 ; snapshot 0032
halo 3/3 ; snapshot 0033
halo 3/3 ; snapshot 0034
halo 3/3 ; snapshot 0035
halo 3/3 ; snapshot 0036
***Running simulation: mode = all_sky***
halo=3/3, CPUs=128
Coord. pair 1/48
Coord. pair 2/48
Coord. pair 3/48
Coord. pair 4/48
Coord. pair 5/48
Coord. pair 6/48
Coord. pair 7/48
Coord. pair 8/48
Coord. pair 9/48
Coord. pair 10/48
Coord. pair 11/48
Coord. pair 12/48
Coord. pair 13/48
Coord. pair 14/48
Coord. pair 15/48
Coord. pair 16/48
Coord. pair 17/48
Coord. pair 18/48
Coord. pair 19/48
Coord. pair 20/48
Coord. pair 21/48
Coord. pair 22/48
Coord. pair 23/48
Coord. pair 24/48
Coord. pair 25/48

JOB STATISTICS
==============
Job ID: 2481605
Cluster: snellius
User/Group: zimmer/zimmer
State: TIMEOUT (exit code 0)
Nodes: 1
Cores per node: 128
CPU Utilized: 00:00:00
CPU Efficiency: 0.00% of 32-00:44:48 core-walltime
Job Wall-clock time: 06:00:21
Memory Utilized: 21.47 GB
Memory Efficiency: 9.82% of 218.75 GB
