Healpy parameters: Nside=4, Npix=192, pix_sr=0.06544984694978735
********************* Initialization *********************
# Initial conditions for neutrinos:
PHIs = 192, THETAs=192, Vs=10000
Total neutrinos: 368640000
# Simulation parameters:
Simulation box: LinfNinf
Sim CPUs 128
Output directory: 
 /gpfs/home4/zimmer/neutrino_clustering_V2/LinfNinf
Halos in smooth sim: MW+VC
**********************************************************
***Running simulation with 128 CPUs***
Coord. pair 1/192
From 1 to and incl. 10000
Batch 1/1 done!
Sim time min/h: 1.2888465003168676 min, 0.021480775005281127 h.
Coord. pair 2/192
From 1 to and incl. 10000
Batch 1/1 done!
Sim time min/h: 1.2705855584334738 min, 0.02117642597389123 h.
Coord. pair 3/192
From 1 to and incl. 10000
Batch 1/1 done!
Sim time min/h: 1.31173769365026 min, 0.021862294894171002 h.
Coord. pair 4/192
From 1 to and incl. 10000
Batch 1/1 done!
Sim time min/h: 1.3135907382840135 min, 0.021893178971400227 h.
Coord. pair 5/192
From 1 to and incl. 10000
Batch 1/1 done!
Sim time min/h: 1.2131349118678676 min, 0.020218915197797793 h.
Coord. pair 6/192
From 1 to and incl. 10000
Batch 1/1 done!
Sim time min/h: 1.2990845088827578 min, 0.021651408481379298 h.
Coord. pair 7/192
From 1 to and incl. 10000
Batch 1/1 done!
Sim time min/h: 1.2903439923674644 min, 0.02150573320612441 h.
Coord. pair 8/192
From 1 to and incl. 10000
Batch 1/1 done!
Sim time min/h: 1.2038393930512636 min, 0.020063989884187727 h.
Coord. pair 9/192
From 1 to and incl. 10000
Batch 1/1 done!
Sim time min/h: 1.2114906557331173 min, 0.020191510928885287 h.
Coord. pair 10/192
From 1 to and incl. 10000
Batch 1/1 done!
Sim time min/h: 1.3049844935167736 min, 0.02174974155861289 h.
Coord. pair 11/192
From 1 to and incl. 10000
Batch 1/1 done!
Sim time min/h: 1.3067958576662932 min, 0.021779930961104886 h.
Coord. pair 12/192
From 1 to and incl. 10000
Batch 1/1 done!
Sim time min/h: 1.2253890524657132 min, 0.02042315087442855 h.
Coord. pair 13/192
From 1 to and incl. 10000
Batch 1/1 done!
Sim time min/h: 1.1391316884003269 min, 0.018985528140005446 h.
Coord. pair 14/192
From 1 to and incl. 10000
Batch 1/1 done!
Sim time min/h: 1.1995910028015109 min, 0.019993183380025183 h.
Coord. pair 15/192
From 1 to and incl. 10000
Batch 1/1 done!
Sim time min/h: 1.301498648916216 min, 0.021691644148603598 h.
Coord. pair 16/192
From 1 to and incl. 10000
Batch 1/1 done!
Sim time min/h: 1.2996897884993814 min, 0.021661496474989692 h.
Coord. pair 17/192
From 1 to and incl. 10000
Batch 1/1 done!
Sim time min/h: 1.187761053648622 min, 0.019796017560810366 h.
Coord. pair 18/192
From 1 to and incl. 10000
Batch 1/1 done!
Sim time min/h: 1.1283493391335166 min, 0.018805822318891944 h.
Coord. pair 19/192
From 1 to and incl. 10000
Batch 1/1 done!
Sim time min/h: 1.1333956478338223 min, 0.01888992746389704 h.
Coord. pair 20/192
From 1 to and incl. 10000
Batch 1/1 done!
Sim time min/h: 1.1980546302666577 min, 0.019967577171110962 h.
Coord. pair 21/192
From 1 to and incl. 10000
Batch 1/1 done!
Sim time min/h: 1.2996158689493313 min, 0.021660264482488856 h.
Coord. pair 22/192
From 1 to and incl. 10000
Batch 1/1 done!
Sim time min/h: 1.3013948882988189 min, 0.021689914804980316 h.
Coord. pair 23/192
From 1 to and incl. 10000
Batch 1/1 done!
Sim time min/h: 1.207188576834354 min, 0.0201198096139059 h.
Coord. pair 24/192
From 1 to and incl. 10000
Batch 1/1 done!
Sim time min/h: 1.1327088298508898 min, 0.01887848049751483 h.
Coord. pair 25/192
From 1 to and incl. 10000
Batch 1/1 done!
Sim time min/h: 1.0584611240502757 min, 0.017641018734171263 h.
Coord. pair 26/192
From 1 to and incl. 10000
Batch 1/1 done!
Sim time min/h: 1.1125728247163351 min, 0.018542880411938918 h.
Coord. pair 27/192
From 1 to and incl. 10000
Batch 1/1 done!
Sim time min/h: 1.2144223615003285 min, 0.02024037269167214 h.
Coord. pair 28/192
From 1 to and incl. 10000
Batch 1/1 done!
Sim time min/h: 1.3317815039985967 min, 0.022196358399976614 h.
Coord. pair 29/192
From 1 to and incl. 10000
Batch 1/1 done!
Sim time min/h: 1.3089361489498212 min, 0.02181560248249702 h.
Coord. pair 30/192
From 1 to and incl. 10000
Batch 1/1 done!
Sim time min/h: 1.2033371038017018 min, 0.02005561839669503 h.
Coord. pair 31/192
From 1 to and incl. 10000
Batch 1/1 done!
Sim time min/h: 1.1153469824329174 min, 0.018589116373881956 h.
Coord. pair 32/192
From 1 to and incl. 10000
Batch 1/1 done!
Sim time min/h: 1.0533188170171344 min, 0.01755531361695224 h.
Coord. pair 33/192
From 1 to and incl. 10000
Batch 1/1 done!
Sim time min/h: 1.0606392277831522 min, 0.017677320463052537 h.
Coord. pair 34/192
From 1 to and incl. 10000
Batch 1/1 done!
Sim time min/h: 1.1112279381835832 min, 0.018520465636393053 h.
Coord. pair 35/192
From 1 to and incl. 10000
Batch 1/1 done!
Sim time min/h: 1.2086726834842314 min, 0.02014454472473719 h.
Coord. pair 36/192
From 1 to and incl. 10000
Batch 1/1 done!
Sim time min/h: 1.3181912652158645 min, 0.021969854420264407 h.
Coord. pair 37/192
From 1 to and incl. 10000
Batch 1/1 done!
Sim time min/h: 1.3179967757333846 min, 0.021966612928889743 h.
Coord. pair 38/192
From 1 to and incl. 10000
Batch 1/1 done!
Sim time min/h: 1.2149555290990974 min, 0.02024925881831829 h.
Coord. pair 39/192
From 1 to and incl. 10000
Batch 1/1 done!
Sim time min/h: 1.121063132500664 min, 0.01868438554167773 h.
Coord. pair 40/192
From 1 to and incl. 10000
Batch 1/1 done!
Sim time min/h: 1.0735291046982942 min, 0.01789215174497157 h.
Coord. pair 41/192
From 1 to and incl. 10000
Batch 1/1 done!
Sim time min/h: 0.984391121766142 min, 0.016406518696102365 h.
Coord. pair 42/192
From 1 to and incl. 10000
Batch 1/1 done!
Sim time min/h: 1.023499799882605 min, 0.017058329998043416 h.
Coord. pair 43/192
From 1 to and incl. 10000
Batch 1/1 done!
Sim time min/h: 1.1513995130818027 min, 0.01918999188469671 h.
Coord. pair 44/192
From 1 to and incl. 10000
Batch 1/1 done!
Sim time min/h: 1.2746192787832116 min, 0.021243654646386858 h.
Coord. pair 45/192
From 1 to and incl. 10000
Batch 1/1 done!
Sim time min/h: 1.3929312492332733 min, 0.023215520820554555 h.
Coord. pair 46/192
From 1 to and incl. 10000
Batch 1/1 done!
Sim time min/h: 1.2612508112681098 min, 0.021020846854468495 h.
Coord. pair 47/192
From 1 to and incl. 10000
Batch 1/1 done!
Sim time min/h: 1.1385407969840646 min, 0.01897567994973441 h.
Coord. pair 48/192
From 1 to and incl. 10000
Batch 1/1 done!
Sim time min/h: 1.0302134062163533 min, 0.017170223436939223 h.
Coord. pair 49/192
From 1 to and incl. 10000
Batch 1/1 done!
Sim time min/h: 0.984828553016996 min, 0.016413809216949935 h.
Coord. pair 50/192
From 1 to and incl. 10000
Batch 1/1 done!
Sim time min/h: 1.0333288516500034 min, 0.017222147527500058 h.
Coord. pair 51/192
From 1 to and incl. 10000
Batch 1/1 done!
Sim time min/h: 1.133446613200552 min, 0.018890776886675866 h.
Coord. pair 52/192
From 1 to and incl. 10000
Batch 1/1 done!
Sim time min/h: 1.2705664862995036 min, 0.021176108104991726 h.
Coord. pair 53/192
From 1 to and incl. 10000
Batch 1/1 done!
Sim time min/h: 1.4181609890171483 min, 0.023636016483619137 h.
Coord. pair 54/192
From 1 to and incl. 10000
Batch 1/1 done!
Sim time min/h: 1.270672271583074 min, 0.021177871193051236 h.
Coord. pair 55/192
From 1 to and incl. 10000
Batch 1/1 done!
Sim time min/h: 1.1505635528825224 min, 0.019176059214708708 h.
Coord. pair 56/192
From 1 to and incl. 10000
Batch 1/1 done!
Sim time min/h: 1.038346551017215 min, 0.017305775850286916 h.
Coord. pair 57/192
From 1 to and incl. 10000
Batch 1/1 done!
Sim time min/h: 0.948759575682925 min, 0.015812659594715416 h.
Coord. pair 58/192
From 1 to and incl. 10000
Batch 1/1 done!
Sim time min/h: 1.0675347292174895 min, 0.01779224548695816 h.
Coord. pair 59/192
From 1 to and incl. 10000
Batch 1/1 done!
Sim time min/h: 1.2163527798994134 min, 0.02027254633165689 h.
Coord. pair 60/192
From 1 to and incl. 10000
Batch 1/1 done!
Sim time min/h: 1.3671156018506736 min, 0.02278526003084456 h.
Coord. pair 61/192
From 1 to and incl. 10000
Batch 1/1 done!
Sim time min/h: 1.355479665583698 min, 0.0225913277597283 h.
Coord. pair 62/192
From 1 to and incl. 10000
Batch 1/1 done!
Sim time min/h: 1.208793830749346 min, 0.020146563845822432 h.
Coord. pair 63/192
From 1 to and incl. 10000
Batch 1/1 done!
Sim time min/h: 1.049672312233209 min, 0.01749453853722015 h.
Coord. pair 64/192
From 1 to and incl. 10000
Batch 1/1 done!
Sim time min/h: 0.945076595134257 min, 0.01575127658557095 h.
Coord. pair 65/192
From 1 to and incl. 10000
Batch 1/1 done!
Sim time min/h: 0.9397346731333528 min, 0.015662244552222548 h.
Coord. pair 66/192
From 1 to and incl. 10000
Batch 1/1 done!
Sim time min/h: 1.107463568301561 min, 0.01845772613835935 h.
Coord. pair 67/192
From 1 to and incl. 10000
Batch 1/1 done!
Sim time min/h: 1.2268455430671261 min, 0.020447425717785437 h.
Coord. pair 68/192
From 1 to and incl. 10000
Batch 1/1 done!
Sim time min/h: 1.3741510133821673 min, 0.02290251688970279 h.
Coord. pair 69/192
From 1 to and incl. 10000
Batch 1/1 done!
Sim time min/h: 1.3828485483497692 min, 0.023047475805829488 h.
Coord. pair 70/192
From 1 to and incl. 10000
Batch 1/1 done!
Sim time min/h: 1.2195177173843452 min, 0.020325295289739087 h.
Coord. pair 71/192
From 1 to and incl. 10000
Batch 1/1 done!
Sim time min/h: 1.0762928898989534 min, 0.017938214831649223 h.
Coord. pair 72/192
From 1 to and incl. 10000
Batch 1/1 done!
Sim time min/h: 0.9365698982340595 min, 0.01560949830390099 h.
Coord. pair 73/192
From 1 to and incl. 10000
Batch 1/1 done!
Sim time min/h: 0.8451644131661548 min, 0.014086073552769246 h.
Coord. pair 74/192
From 1 to and incl. 10000
Batch 1/1 done!
Sim time min/h: 1.0095972858485767 min, 0.01682662143080961 h.
Coord. pair 75/192
From 1 to and incl. 10000
Batch 1/1 done!
Sim time min/h: 1.214213426966065 min, 0.020236890449434417 h.
Coord. pair 76/192
From 1 to and incl. 10000
Batch 1/1 done!
Sim time min/h: 1.3906338453176432 min, 0.023177230755294053 h.
Coord. pair 77/192
From 1 to and incl. 10000
Batch 1/1 done!
Sim time min/h: 1.5663205460004974 min, 0.026105342433341623 h.
Coord. pair 78/192
From 1 to and incl. 10000
Batch 1/1 done!
Sim time min/h: 1.4074542375669503 min, 0.02345757062611584 h.
Coord. pair 79/192
From 1 to and incl. 10000
Batch 1/1 done!
Sim time min/h: 1.2245177816172752 min, 0.020408629693621252 h.
Coord. pair 80/192
From 1 to and incl. 10000
Batch 1/1 done!
Sim time min/h: 0.9782280235008026 min, 0.016303800391680043 h.
Coord. pair 81/192
From 1 to and incl. 10000
Batch 1/1 done!
Sim time min/h: 0.8405030515180746 min, 0.014008384191967909 h.
Coord. pair 82/192
From 1 to and incl. 10000
Batch 1/1 done!
Sim time min/h: 1.0233601369836833 min, 0.017056002283061387 h.
Coord. pair 83/192
From 1 to and incl. 10000
Batch 1/1 done!
Sim time min/h: 1.257569889931862 min, 0.020959498165531033 h.
Coord. pair 84/192
From 1 to and incl. 10000
Batch 1/1 done!
Sim time min/h: 1.4531562115337389 min, 0.02421927019222898 h.
Coord. pair 85/192
From 1 to and incl. 10000
Batch 1/1 done!
Sim time min/h: 1.6286711613667042 min, 0.027144519356111736 h.
Coord. pair 86/192
From 1 to and incl. 10000
Batch 1/1 done!
Sim time min/h: 1.4503546814492438 min, 0.024172578024154064 h.
Coord. pair 87/192
From 1 to and incl. 10000
Batch 1/1 done!
Sim time min/h: 1.2471590639169639 min, 0.020785984398616064 h.
Coord. pair 88/192
From 1 to and incl. 10000
Batch 1/1 done!
Sim time min/h: 1.0121494673347722 min, 0.01686915778891287 h.
Coord. pair 89/192
From 1 to and incl. 10000
Batch 1/1 done!
Sim time min/h: 1.028496784416105 min, 0.01714161307360175 h.
Coord. pair 90/192
From 1 to and incl. 10000
Batch 1/1 done!
Sim time min/h: 1.3766215042152907 min, 0.022943691736921512 h.
Coord. pair 91/192
From 1 to and incl. 10000
Batch 1/1 done!
Sim time min/h: 1.551889902933423 min, 0.02586483171555705 h.
Coord. pair 92/192
From 1 to and incl. 10000
Batch 1/1 done!
Sim time min/h: 1.702902232700338 min, 0.02838170387833897 h.
Coord. pair 93/192
From 1 to and incl. 10000
Batch 1/1 done!
Sim time min/h: 1.6773827522993088 min, 0.02795637920498848 h.
Coord. pair 94/192
From 1 to and incl. 10000
Batch 1/1 done!
Sim time min/h: 1.498682065665101 min, 0.024978034427751684 h.
Coord. pair 95/192
From 1 to and incl. 10000
Batch 1/1 done!
Sim time min/h: 1.2601940100508122 min, 0.02100323350084687 h.
Coord. pair 96/192
From 1 to and incl. 10000
Batch 1/1 done!
Sim time min/h: 0.9512545296514873 min, 0.01585424216085812 h.
Coord. pair 97/192
From 1 to and incl. 10000
Batch 1/1 done!
Sim time min/h: 0.9434965847836186 min, 0.015724943079726977 h.
Coord. pair 98/192
From 1 to and incl. 10000
Batch 1/1 done!
Sim time min/h: 1.2554484395329686 min, 0.02092414065888281 h.
Coord. pair 99/192
From 1 to and incl. 10000
Batch 1/1 done!
Sim time min/h: 1.4942124064158027 min, 0.024903540106930043 h.
Coord. pair 100/192
From 1 to and incl. 10000
Batch 1/1 done!
Sim time min/h: 1.6803384873336957 min, 0.028005641455561597 h.
Coord. pair 101/192
From 1 to and incl. 10000
Batch 1/1 done!
Sim time min/h: 1.705112840316724 min, 0.028418547338612064 h.
Coord. pair 102/192
From 1 to and incl. 10000
Batch 1/1 done!
Sim time min/h: 1.581528722199922 min, 0.026358812036665364 h.
Coord. pair 103/192
From 1 to and incl. 10000
Batch 1/1 done!
Sim time min/h: 1.3891119421343319 min, 0.023151865702238865 h.
Coord. pair 104/192
From 1 to and incl. 10000
Batch 1/1 done!
Sim time min/h: 1.0434824107176004 min, 0.017391373511960007 h.
Coord. pair 105/192
From 1 to and incl. 10000
Batch 1/1 done!
Sim time min/h: 0.8379837521177251 min, 0.013966395868628752 h.
Coord. pair 106/192
From 1 to and incl. 10000
Batch 1/1 done!
Sim time min/h: 0.9562138107333643 min, 0.015936896845556072 h.
Coord. pair 107/192
From 1 to and incl. 10000
Batch 1/1 done!
Sim time min/h: 1.112683293116667 min, 0.018544721551944452 h.
Coord. pair 108/192
From 1 to and incl. 10000
Batch 1/1 done!
Sim time min/h: 1.2917611913833147 min, 0.021529353189721913 h.
Coord. pair 109/192
From 1 to and incl. 10000
Batch 1/1 done!
Sim time min/h: 1.454178242367925 min, 0.024236304039465417 h.
Coord. pair 110/192
From 1 to and incl. 10000
Batch 1/1 done!
Sim time min/h: 1.2883852494007442 min, 0.021473087490012404 h.
Coord. pair 111/192
From 1 to and incl. 10000
Batch 1/1 done!
Sim time min/h: 1.1236979891332644 min, 0.01872829981888774 h.
Coord. pair 112/192
From 1 to and incl. 10000
Batch 1/1 done!
Sim time min/h: 0.958341614616802 min, 0.015972360243613367 h.
Coord. pair 113/192
From 1 to and incl. 10000
Batch 1/1 done!
Sim time min/h: 0.8574351283333574 min, 0.014290585472222624 h.
Coord. pair 114/192
From 1 to and incl. 10000
Batch 1/1 done!
Sim time min/h: 1.0070390396324607 min, 0.016783983993874343 h.
Coord. pair 115/192
From 1 to and incl. 10000
Batch 1/1 done!
Sim time min/h: 1.1094288385667217 min, 0.018490480642778695 h.
Coord. pair 116/192
From 1 to and incl. 10000
Batch 1/1 done!
Sim time min/h: 1.2898276929491355 min, 0.021497128215818926 h.
Coord. pair 117/192
From 1 to and incl. 10000
Batch 1/1 done!
Sim time min/h: 1.4387799522664864 min, 0.023979665871108106 h.
Coord. pair 118/192
From 1 to and incl. 10000
Batch 1/1 done!
Sim time min/h: 1.2782516345983217 min, 0.021304193909972027 h.
Coord. pair 119/192
From 1 to and incl. 10000
Batch 1/1 done!
Sim time min/h: 1.120603631665775 min, 0.018676727194429584 h.
Coord. pair 120/192
From 1 to and incl. 10000
Batch 1/1 done!
Sim time min/h: 0.9564776838349645 min, 0.015941294730582742 h.
Coord. pair 121/192
From 1 to and incl. 10000
Batch 1/1 done!
Sim time min/h: 0.9414337864999349 min, 0.015690563108332247 h.
Coord. pair 122/192
From 1 to and incl. 10000
Batch 1/1 done!
Sim time min/h: 1.031399239099119 min, 0.01718998731831865 h.
Coord. pair 123/192
From 1 to and incl. 10000
Batch 1/1 done!
Sim time min/h: 1.15376044010045 min, 0.01922934066834083 h.
Coord. pair 124/192
From 1 to and incl. 10000
Batch 1/1 done!
Sim time min/h: 1.3039032142997409 min, 0.021731720238329016 h.
Coord. pair 125/192
From 1 to and incl. 10000
Batch 1/1 done!
Sim time min/h: 1.3203294301657782 min, 0.02200549050276297 h.
Coord. pair 126/192
From 1 to and incl. 10000
Batch 1/1 done!
Sim time min/h: 1.1765506395488046 min, 0.01960917732581341 h.
Coord. pair 127/192
From 1 to and incl. 10000
Batch 1/1 done!
Sim time min/h: 1.0296255955511393 min, 0.017160426592518988 h.
Coord. pair 128/192
From 1 to and incl. 10000
Batch 1/1 done!
Sim time min/h: 0.9525190326676238 min, 0.015875317211127064 h.
Coord. pair 129/192
From 1 to and incl. 10000
Batch 1/1 done!
Sim time min/h: 0.955095506599173 min, 0.01591825844331955 h.
Coord. pair 130/192
From 1 to and incl. 10000
Batch 1/1 done!
Sim time min/h: 1.0324995994509663 min, 0.017208326657516104 h.
Coord. pair 131/192
From 1 to and incl. 10000
Batch 1/1 done!
Sim time min/h: 1.165877240500413 min, 0.01943128734167355 h.
Coord. pair 132/192
From 1 to and incl. 10000
Batch 1/1 done!
Sim time min/h: 1.3088633462825479 min, 0.02181438910470913 h.
Coord. pair 133/192
From 1 to and incl. 10000
Batch 1/1 done!
Sim time min/h: 1.29566336813344 min, 0.021594389468890664 h.
Coord. pair 134/192
From 1 to and incl. 10000
Batch 1/1 done!
Sim time min/h: 1.1622548659681342 min, 0.019370914432802238 h.
Coord. pair 135/192
From 1 to and incl. 10000
Batch 1/1 done!
Sim time min/h: 1.032969726350469 min, 0.01721616210584115 h.
Coord. pair 136/192
From 1 to and incl. 10000
Batch 1/1 done!
Sim time min/h: 0.9365083552664146 min, 0.015608472587773576 h.
Coord. pair 137/192
From 1 to and incl. 10000
Batch 1/1 done!
Sim time min/h: 0.9997347062181992 min, 0.016662245103636654 h.
Coord. pair 138/192
From 1 to and incl. 10000
Batch 1/1 done!
Sim time min/h: 1.048214541816075 min, 0.01747024236360125 h.
Coord. pair 139/192
From 1 to and incl. 10000
Batch 1/1 done!
Sim time min/h: 1.1192172076009834 min, 0.018653620126683056 h.
Coord. pair 140/192
From 1 to and incl. 10000
Batch 1/1 done!
Sim time min/h: 1.2380913451158753 min, 0.020634855751931254 h.
Coord. pair 141/192
From 1 to and incl. 10000
Batch 1/1 done!
Sim time min/h: 1.3725342175826276 min, 0.022875570293043792 h.
Coord. pair 142/192
From 1 to and incl. 10000
Batch 1/1 done!
Sim time min/h: 1.2426307998325987 min, 0.02071051333054331 h.
Coord. pair 143/192
From 1 to and incl. 10000
Batch 1/1 done!
Sim time min/h: 1.12293550313334 min, 0.018715591718888997 h.
Coord. pair 144/192
From 1 to and incl. 10000
Batch 1/1 done!
Sim time min/h: 1.0331260360835586 min, 0.01721876726805931 h.
Coord. pair 145/192
From 1 to and incl. 10000
Batch 1/1 done!
Sim time min/h: 1.0032360428517373 min, 0.01672060071419562 h.
Coord. pair 146/192
From 1 to and incl. 10000
Batch 1/1 done!
Sim time min/h: 1.027499918466977 min, 0.017124998641116284 h.
Coord. pair 147/192
From 1 to and incl. 10000
Batch 1/1 done!
Sim time min/h: 1.1142809725987415 min, 0.018571349543312358 h.
Coord. pair 148/192
From 1 to and incl. 10000
Batch 1/1 done!
Sim time min/h: 1.252943323601115 min, 0.02088238872668525 h.
Coord. pair 149/192
From 1 to and incl. 10000
Batch 1/1 done!
Sim time min/h: 1.3645993401160619 min, 0.0227433223352677 h.
Coord. pair 150/192
From 1 to and incl. 10000
Batch 1/1 done!
Sim time min/h: 1.2402761485000762 min, 0.020671269141667937 h.
Coord. pair 151/192
From 1 to and incl. 10000
Batch 1/1 done!
Sim time min/h: 1.1190041151829064 min, 0.018650068586381775 h.
Coord. pair 152/192
From 1 to and incl. 10000
Batch 1/1 done!
Sim time min/h: 1.0240541682501012 min, 0.01706756947083502 h.
Coord. pair 153/192
From 1 to and incl. 10000
Batch 1/1 done!
Sim time min/h: 1.0741824057341243 min, 0.01790304009556874 h.
Coord. pair 154/192
From 1 to and incl. 10000
Batch 1/1 done!
Sim time min/h: 1.124349000217626 min, 0.018739150003627098 h.
Coord. pair 155/192
From 1 to and incl. 10000
Batch 1/1 done!
Sim time min/h: 1.2018081652834856 min, 0.020030136088058093 h.
Coord. pair 156/192
From 1 to and incl. 10000
Batch 1/1 done!
Sim time min/h: 1.3076941207846782 min, 0.02179490201307797 h.
Coord. pair 157/192
From 1 to and incl. 10000
Batch 1/1 done!
Sim time min/h: 1.3216152959677856 min, 0.02202692159946309 h.
Coord. pair 158/192
From 1 to and incl. 10000
Batch 1/1 done!
Sim time min/h: 1.211360381883181 min, 0.02018933969805302 h.
Coord. pair 159/192
From 1 to and incl. 10000
Batch 1/1 done!
Sim time min/h: 1.1338191589651008 min, 0.01889698598275168 h.
Coord. pair 160/192
From 1 to and incl. 10000
Batch 1/1 done!
Sim time min/h: 1.0649391904667331 min, 0.017748986507778886 h.
Coord. pair 161/192
From 1 to and incl. 10000
Batch 1/1 done!
Sim time min/h: 1.0563626029664495 min, 0.017606043382774158 h.
Coord. pair 162/192
From 1 to and incl. 10000
Batch 1/1 done!
Sim time min/h: 1.118352133165657 min, 0.018639202219427616 h.
Coord. pair 163/192
From 1 to and incl. 10000
Batch 1/1 done!
Sim time min/h: 1.2064925033327503 min, 0.02010820838887917 h.
Coord. pair 164/192
From 1 to and incl. 10000
Batch 1/1 done!
Sim time min/h: 1.3116910495174428 min, 0.021861517491957378 h.
Coord. pair 165/192
From 1 to and incl. 10000
Batch 1/1 done!
Sim time min/h: 1.3067480247836405 min, 0.021779133746394008 h.
Coord. pair 166/192
From 1 to and incl. 10000
Batch 1/1 done!
Sim time min/h: 1.2044516113334491 min, 0.020074193522224153 h.
Coord. pair 167/192
From 1 to and incl. 10000
Batch 1/1 done!
Sim time min/h: 1.1060514870332554 min, 0.018434191450554256 h.
Coord. pair 168/192
From 1 to and incl. 10000
Batch 1/1 done!
Sim time min/h: 1.0404559489824654 min, 0.01734093248304109 h.
Coord. pair 169/192
From 1 to and incl. 10000
Batch 1/1 done!
Sim time min/h: 1.1407283751682067 min, 0.01901213958613678 h.
Coord. pair 170/192
From 1 to and incl. 10000
Batch 1/1 done!
Sim time min/h: 1.2219240998325405 min, 0.020365401663875675 h.
Coord. pair 171/192
From 1 to and incl. 10000
Batch 1/1 done!
Sim time min/h: 1.314698032666153 min, 0.021911633877769218 h.
Coord. pair 172/192
From 1 to and incl. 10000
Batch 1/1 done!
Sim time min/h: 1.3077892581330768 min, 0.021796487635551278 h.
Coord. pair 173/192
From 1 to and incl. 10000
Batch 1/1 done!
Sim time min/h: 1.1951078559155577 min, 0.019918464265259294 h.
Coord. pair 174/192
From 1 to and incl. 10000
Batch 1/1 done!
Sim time min/h: 1.1522841486847029 min, 0.019204735811411713 h.
Coord. pair 175/192
From 1 to and incl. 10000
Batch 1/1 done!
Sim time min/h: 1.1297236173821148 min, 0.01882872695636858 h.
Coord. pair 176/192
From 1 to and incl. 10000
Batch 1/1 done!
Sim time min/h: 1.2027160723499644 min, 0.020045267872499405 h.
Coord. pair 177/192
From 1 to and incl. 10000
Batch 1/1 done!
Sim time min/h: 1.3182351170185334 min, 0.02197058528364222 h.
Coord. pair 178/192
From 1 to and incl. 10000
Batch 1/1 done!
Sim time min/h: 1.3048877823981457 min, 0.021748129706635762 h.
Coord. pair 179/192
From 1 to and incl. 10000
Batch 1/1 done!
Sim time min/h: 1.193322949798312 min, 0.019888715829971867 h.
Coord. pair 180/192
From 1 to and incl. 10000
Batch 1/1 done!
Sim time min/h: 1.1190386696155958 min, 0.018650644493593264 h.
Coord. pair 181/192
From 1 to and incl. 10000
Batch 1/1 done!
Sim time min/h: 1.2281976196332836 min, 0.02046996032722139 h.
Coord. pair 182/192
From 1 to and incl. 10000
Batch 1/1 done!
Sim time min/h: 1.297776727733435 min, 0.021629612128890585 h.
Coord. pair 183/192
From 1 to and incl. 10000
Batch 1/1 done!
Sim time min/h: 1.3088408304494805 min, 0.021814013840824674 h.
Coord. pair 184/192
From 1 to and incl. 10000
Batch 1/1 done!
Sim time min/h: 1.2358068431009694 min, 0.02059678071834949 h.
Coord. pair 185/192
From 1 to and incl. 10000
Batch 1/1 done!
Sim time min/h: 1.1941015872502854 min, 0.01990169312083809 h.
Coord. pair 186/192
From 1 to and incl. 10000
Batch 1/1 done!
Sim time min/h: 1.3007557127993399 min, 0.021679261879988997 h.
Coord. pair 187/192
From 1 to and incl. 10000
Batch 1/1 done!
Sim time min/h: 1.2979549999154794 min, 0.021632583331924655 h.
Coord. pair 188/192
From 1 to and incl. 10000
Batch 1/1 done!
Sim time min/h: 1.1965327391672569 min, 0.01994221231945428 h.
Coord. pair 189/192
From 1 to and incl. 10000
Batch 1/1 done!
Sim time min/h: 1.3187865484156647 min, 0.021979775806927743 h.
Coord. pair 190/192
From 1 to and incl. 10000
Batch 1/1 done!
Sim time min/h: 1.3119912953174206 min, 0.021866521588623677 h.
Coord. pair 191/192
From 1 to and incl. 10000
Batch 1/1 done!
Sim time min/h: 1.276119877799647 min, 0.021268664629994116 h.
Coord. pair 192/192
From 1 to and incl. 10000
Batch 1/1 done!
Sim time min/h: 1.2682920066659185 min, 0.02113820011109864 h.
Total time: 230.1185929285828 min, 3.8353098821430467 h.

JOB STATISTICS
==============
Job ID: 1832331
Cluster: snellius
User/Group: zimmer/zimmer
State: RUNNING
Nodes: 1
Cores per node: 128
CPU Utilized: 00:00:00
CPU Efficiency: 0.00% of 20-12:01:04 core-walltime
Job Wall-clock time: 03:50:38
Memory Utilized: 0.00 MB (estimated maximum)
Memory Efficiency: 0.00% of 218.75 GB (218.75 GB/node)
WARNING: Efficiency statistics may be misleading for RUNNING jobs.
