********************* Initialization *********************
# Initial conditions for neutrinos:
PHIs = 10, THETAs=10, Vs=100
Total neutrinos: 10000
# Simulation parameters:
Simulation box: LinfNinf
Sim CPUs 128
Output directory: 
 /gpfs/home4/zimmer/neutrino_clustering_V2/LinfNinf
Halos in smooth sim: MW
**********************************************************
From 1 to and incl. 10000
Batch 1/1 done!
Time min/h: 0.34018642976589036 min, 0.0056697738294315065 h.

JOB STATISTICS
==============
Job ID: 2353260
Cluster: snellius
User/Group: zimmer/zimmer
State: COMPLETED (exit code 0)
Nodes: 1
Cores per node: 128
CPU Utilized: 00:20:12
CPU Efficiency: 13.53% of 02:29:20 core-walltime
Job Wall-clock time: 00:01:10
Memory Utilized: 134.40 MB
Memory Efficiency: 0.06% of 218.75 GB
