********Numerical Simulation: Mode=all_sky********
Halo batch params (Rvir,Mvir,cNFW):
[[253.5523526   12.24058042   6.9286026 ]
 [158.62979351  11.62953177   8.03988676]
 [137.07912107  11.43929142   9.41292697]
 [141.82849159  11.48366794   2.6088865 ]
 [306.35586267  12.48705608  11.48652354]]
***********************************
***Running simulation: mode = all_sky***
halo=3/5, CPUs=128
Coord. pair 1/768
Coord. pair 2/768
Coord. pair 3/768
Coord. pair 4/768
Coord. pair 5/768
Coord. pair 6/768
Coord. pair 7/768
Coord. pair 8/768
Coord. pair 9/768
Coord. pair 10/768
Coord. pair 11/768
Coord. pair 12/768
Coord. pair 13/768
Coord. pair 14/768
Coord. pair 15/768
Coord. pair 16/768
Coord. pair 17/768
Coord. pair 18/768
Coord. pair 19/768
Coord. pair 20/768
Coord. pair 21/768
Coord. pair 22/768
Coord. pair 23/768
Coord. pair 24/768
Coord. pair 25/768
Coord. pair 26/768
Coord. pair 27/768
Coord. pair 28/768

JOB STATISTICS
==============
Job ID: 2651158
Cluster: snellius
User/Group: zimmer/zimmer
State: CANCELLED (exit code 0)
Nodes: 1
Cores per node: 128
CPU Utilized: 00:00:00
CPU Efficiency: 0.00% of 1-11:44:00 core-walltime
Job Wall-clock time: 00:16:45
Memory Utilized: 14.20 GB
Memory Efficiency: 6.49% of 218.75 GB
