********************* Initialization *********************
# Initial conditions for neutrinos:
PHIs = 20, THETAs=20, Vs=200
Total neutrinos: 80000
# Simulation parameters:
Simulation box: L025N752
Snapshot from 0036 (z=0) to 0013 (z=4)
Pre/Sim CPUs 128/128
DM limit for cells: 1000
# File management:
Box files directory: 
 /projects/0/einf180/Tango_sims/L025N752/DMONLY/SigmaConstant00
Output directory: 
 /gpfs/home4/zimmer/neutrino_clustering_V2/L025N752/DMONLY/SigmaConstant00
**********************************************************
********Number density band********
Halo batch params (Rvir,Mvir,cNFW):
[[253.5523526   12.24058042   6.9286026 ]
 [158.62979351  11.62953177   8.03988676]
 [137.07912107  11.43929142   9.41292697]]
***********************************
halo 1/3 ; snapshot 0036
halo 1/3 ; snapshot 0035
halo 1/3 ; snapshot 0034
halo 1/3 ; snapshot 0033
halo 1/3 ; snapshot 0032
halo 1/3 ; snapshot 0031
halo 1/3 ; snapshot 0030
halo 1/3 ; snapshot 0029
halo 1/3 ; snapshot 0028
halo 1/3 ; snapshot 0027
halo 1/3 ; snapshot 0026
halo 1/3 ; snapshot 0025
halo 1/3 ; snapshot 0024
halo 1/3 ; snapshot 0023
halo 1/3 ; snapshot 0022
halo 1/3 ; snapshot 0021
halo 1/3 ; snapshot 0020
halo 1/3 ; snapshot 0019
halo 1/3 ; snapshot 0018
halo 1/3 ; snapshot 0017
halo 1/3 ; snapshot 0016
halo 1/3 ; snapshot 0015
halo 1/3 ; snapshot 0014
halo 1/3 ; snapshot 0013
***Running simulation***
halo=1/3, CPUs=128
Sim time min/h: 30.817927676132726 min, 0.5136321279355455 h.
halo 2/3 ; snapshot 0036
halo 2/3 ; snapshot 0035
halo 2/3 ; snapshot 0034
halo 2/3 ; snapshot 0033
halo 2/3 ; snapshot 0032
halo 2/3 ; snapshot 0031
halo 2/3 ; snapshot 0030
halo 2/3 ; snapshot 0029
halo 2/3 ; snapshot 0028
halo 2/3 ; snapshot 0027
halo 2/3 ; snapshot 0026
halo 2/3 ; snapshot 0025
halo 2/3 ; snapshot 0024
halo 2/3 ; snapshot 0023
halo 2/3 ; snapshot 0022
halo 2/3 ; snapshot 0021
halo 2/3 ; snapshot 0020
halo 2/3 ; snapshot 0019
halo 2/3 ; snapshot 0018
halo 2/3 ; snapshot 0017
halo 2/3 ; snapshot 0016
halo 2/3 ; snapshot 0015
halo 2/3 ; snapshot 0014
halo 2/3 ; snapshot 0013
***Running simulation***
halo=2/3, CPUs=128
Sim time min/h: 18.60653182308306 min, 0.310108863718051 h.
halo 3/3 ; snapshot 0036
halo 3/3 ; snapshot 0035
halo 3/3 ; snapshot 0034
halo 3/3 ; snapshot 0033
halo 3/3 ; snapshot 0032
halo 3/3 ; snapshot 0031
halo 3/3 ; snapshot 0030
halo 3/3 ; snapshot 0029
halo 3/3 ; snapshot 0028
halo 3/3 ; snapshot 0027
halo 3/3 ; snapshot 0026
halo 3/3 ; snapshot 0025
halo 3/3 ; snapshot 0024
halo 3/3 ; snapshot 0023
halo 3/3 ; snapshot 0022
halo 3/3 ; snapshot 0021
halo 3/3 ; snapshot 0020
halo 3/3 ; snapshot 0019
halo 3/3 ; snapshot 0018
halo 3/3 ; snapshot 0017
halo 3/3 ; snapshot 0016
halo 3/3 ; snapshot 0015
halo 3/3 ; snapshot 0014
halo 3/3 ; snapshot 0013
***Running simulation***
halo=3/3, CPUs=128
Sim time min/h: 18.190308927484633 min, 0.3031718154580772 h.
Total time: 194.97927902578377 min, 3.2496546504297292 h.

JOB STATISTICS
==============
Job ID: 2091600
Cluster: snellius
User/Group: zimmer/zimmer
State: RUNNING
Nodes: 1
Cores per node: 128
CPU Utilized: 4-01:19:03
CPU Efficiency: 23.35% of 17-08:46:56 core-walltime
Job Wall-clock time: 03:15:22
Memory Utilized: 24.23 GB
Memory Efficiency: 11.08% of 218.75 GB
WARNING: Efficiency statistics may be misleading for RUNNING jobs.
