********************* Initialization *********************
# Initial conditions for neutrinos:
PHIs = 10, THETAs=10, Vs=100
Total neutrinos: 10000
# Simulation parameters:
Simulation box: L025N752
Snapshot from 0036 (z=0) to 0013 (z=4)
Pre/Sim CPUs 128/128
DM limit for cells: 100
# File management:
Box files directory: 
 /projects/0/einf180/Tango_sims/L025N752/DMONLY/SigmaConstant00
Output directory: 
 /gpfs/home4/zimmer/neutrino_clustering_V2/L025N752/DMONLY/SigmaConstant00
**********************************************************
********Number density band********
Halo batch params (Rvir,Mvir,cNFW):
[[253.5523526   12.24058042   6.9286026 ]
 [158.62979351  11.62953177   8.03988676]
 [137.07912107  11.43929142   9.41292697]]
***********************************
halo 1/3 ; snapshot 0036
halo 1/3 ; snapshot 0035
halo 1/3 ; snapshot 0034

JOB STATISTICS
==============
Job ID: 1885580
Cluster: snellius
User/Group: zimmer/zimmer
State: CANCELLED (exit code 0)
Nodes: 1
Cores per node: 128
CPU Utilized: 00:00:00
CPU Efficiency: 0.00% of 9-20:22:24 core-walltime
Job Wall-clock time: 01:50:48
Memory Utilized: 185.58 GB
Memory Efficiency: 84.84% of 218.75 GB
