********************* Initialization *********************
# Initial conditions for neutrinos:
PHIs = 10, THETAs=10, Vs=100
Total neutrinos: 10000
# Simulation parameters:
Simulation box: L025N752
Snapshot from 0036 (z=0) to 0013 (z=4)
Pre/Sim CPUs 128/128
DM limit for cells: 500
# File management:
Box files directory: 
 /projects/0/einf180/Tango_sims/L025N752/DMONLY/SigmaConstant00
Output directory: 
 /gpfs/home4/zimmer/neutrino_clustering_V2/L025N752/DMONLY/SigmaConstant00
**********************************************************
********Number density band********
Halo batch params (Rvir,Mvir,cNFW):
[[253.5523526   12.24058042   6.9286026 ]]
***********************************
halo 1/1 ; snapshot 0036
halo 1/1 ; snapshot 0035
halo 1/1 ; snapshot 0034
halo 1/1 ; snapshot 0033
halo 1/1 ; snapshot 0032
halo 1/1 ; snapshot 0031
halo 1/1 ; snapshot 0030
halo 1/1 ; snapshot 0029
halo 1/1 ; snapshot 0028
halo 1/1 ; snapshot 0027
halo 1/1 ; snapshot 0026
halo 1/1 ; snapshot 0025
halo 1/1 ; snapshot 0024
halo 1/1 ; snapshot 0023
halo 1/1 ; snapshot 0022
halo 1/1 ; snapshot 0021
halo 1/1 ; snapshot 0020
halo 1/1 ; snapshot 0019
halo 1/1 ; snapshot 0018
halo 1/1 ; snapshot 0017
halo 1/1 ; snapshot 0016
halo 1/1 ; snapshot 0015
halo 1/1 ; snapshot 0014
halo 1/1 ; snapshot 0013
***Running simulation***
halo=1/1, CPUs=128
Sim time min/h: 8.941411233100128 min, 0.14902352055166881 h.
Total time: 53.20467707775 min, 0.8867446179624999 h.

JOB STATISTICS
==============
Job ID: 1917850
Cluster: snellius
User/Group: zimmer/zimmer
State: COMPLETED (exit code 0)
Nodes: 1
Cores per node: 128
CPU Utilized: 06:23:51
CPU Efficiency: 5.59% of 4-18:29:20 core-walltime
Job Wall-clock time: 00:53:40
Memory Utilized: 38.47 GB
Memory Efficiency: 17.59% of 218.75 GB
