********Numerical Simulation: Mode=single_halos********
Halo batch params (Rvir,Mvir,cNFW):
[[195.3424681   11.9007675   15.48444863]
 [194.97879531  11.89833964  13.51959415]
 [214.54252395  12.02291765  12.08975218]
 [199.37428206  11.9273849   11.35265197]
 [183.64964056  11.82034774  10.55165154]
 [177.88001291  11.77875895  10.30545612]
 [240.5941061   12.17223244  10.22142522]
 [209.30144442  11.99069417  10.09273464]
 [180.32118176  11.79651773  10.05675352]
 [255.14942265  12.24876126   9.80394087]
 [213.10930498  12.01418473   9.51800267]
 [192.47865208  11.8815252    9.4550728 ]
 [222.49963801  12.07036542   9.31457463]
 [246.34769058  12.20302298   9.30188562]
 [244.33141522  12.19231542   8.79795185]
 [184.67901268  11.82763012   8.55809029]
 [187.40111968  11.84669403   8.36287611]
 [202.10764251  11.9451257    8.06603798]
 [257.47239044  12.26056949   7.77063493]
 [188.26903005  11.85271415   7.69653869]
 [240.52254202  12.17184485   7.39127504]
 [207.56604357  11.97984641   7.24410871]
 [214.95037599  12.02539212   7.11221569]
 [207.31363261  11.97826108   7.07854006]
 [190.92998087  11.87099988   7.03921462]
 [240.37086032  12.17102294   6.93400558]
 [253.5523526   12.24058042   6.9286026 ]
 [209.71271559  11.99325178   6.87727775]
 [233.28108187  12.13201605   6.40366504]
 [196.2775635   11.90698947   6.00463057]]
***********************************
halo 1/30 ; snapshot 0012
DM Particles = 23327, cells = 176
halo 1/30 ; snapshot 0013
DM Particles = 36500, cells = 246
halo 1/30 ; snapshot 0014
DM Particles = 44314, cells = 239
halo 1/30 ; snapshot 0015
DM Particles = 49962, cells = 267
halo 1/30 ; snapshot 0016
DM Particles = 77913, cells = 365
halo 1/30 ; snapshot 0017
DM Particles = 89918, cells = 372
halo 1/30 ; snapshot 0018
DM Particles = 112031, cells = 470
halo 1/30 ; snapshot 0019
DM Particles = 115252, cells = 456
halo 1/30 ; snapshot 0020
DM Particles = 116962, cells = 484
halo 1/30 ; snapshot 0021
DM Particles = 120639, cells = 505
halo 1/30 ; snapshot 0022
DM Particles = 128227, cells = 582
halo 1/30 ; snapshot 0023
DM Particles = 132988, cells = 603
halo 1/30 ; snapshot 0024
DM Particles = 127252, cells = 505
halo 1/30 ; snapshot 0025
DM Particles = 138157, cells = 561
halo 1/30 ; snapshot 0026
DM Particles = 153608, cells = 617
halo 1/30 ; snapshot 0027
DM Particles = 171688, cells = 708
halo 1/30 ; snapshot 0028
DM Particles = 208622, cells = 778
halo 1/30 ; snapshot 0029
DM Particles = 270126, cells = 1051
halo 1/30 ; snapshot 0030
DM Particles = 287711, cells = 1079
halo 1/30 ; snapshot 0031
DM Particles = 274819, cells = 1044
halo 1/30 ; snapshot 0032
DM Particles = 306929, cells = 1163
halo 1/30 ; snapshot 0033
DM Particles = 311902, cells = 1184
halo 1/30 ; snapshot 0034
DM Particles = 324315, cells = 1191
halo 1/30 ; snapshot 0035
DM Particles = 342574, cells = 1317
halo 1/30 ; snapshot 0036
DM Particles = 369720, cells = 1338
Grid time: 38.16419472406657 min, 0.6360699120677762 h.
***Running simulation: mode = single_halos***
halo=1/30, CPUs=128
Sim time: 1.8426557739667866 min, 0.03071092956611311 h.
halo 2/30 ; snapshot 0012
DM Particles = 15986, cells = 155
halo 2/30 ; snapshot 0013
DM Particles = 17425, cells = 183
halo 2/30 ; snapshot 0014
DM Particles = 26151, cells = 197
halo 2/30 ; snapshot 0015
DM Particles = 40665, cells = 260
halo 2/30 ; snapshot 0016
DM Particles = 39296, cells = 232
halo 2/30 ; snapshot 0017
DM Particles = 40763, cells = 302
halo 2/30 ; snapshot 0018
DM Particles = 42003, cells = 295
halo 2/30 ; snapshot 0019
DM Particles = 45162, cells = 288
halo 2/30 ; snapshot 0020
DM Particles = 47487, cells = 288
halo 2/30 ; snapshot 0021
DM Particles = 66570, cells = 330
halo 2/30 ; snapshot 0022
DM Particles = 76461, cells = 351
halo 2/30 ; snapshot 0023
DM Particles = 96123, cells = 421
halo 2/30 ; snapshot 0024
DM Particles = 98038, cells = 435
halo 2/30 ; snapshot 0025
DM Particles = 103924, cells = 456
halo 2/30 ; snapshot 0026
DM Particles = 109667, cells = 484
halo 2/30 ; snapshot 0027
DM Particles = 114702, cells = 470
halo 2/30 ; snapshot 0028
DM Particles = 125607, cells = 505
halo 2/30 ; snapshot 0029
DM Particles = 133374, cells = 568
halo 2/30 ; snapshot 0030
DM Particles = 135493, cells = 554
halo 2/30 ; snapshot 0031
DM Particles = 138441, cells = 561
halo 2/30 ; snapshot 0032
DM Particles = 145792, cells = 603
halo 2/30 ; snapshot 0033
DM Particles = 153971, cells = 652
halo 2/30 ; snapshot 0034
DM Particles = 163623, cells = 659
halo 2/30 ; snapshot 0035
DM Particles = 179736, cells = 736
halo 2/30 ; snapshot 0036
DM Particles = 189111, cells = 743
Grid time: 34.11145228163344 min, 0.5685242046938906 h.
***Running simulation: mode = single_halos***
halo=2/30, CPUs=128

JOB STATISTICS
==============
Job ID: 2690077
Cluster: snellius
User/Group: zimmer/zimmer
State: CANCELLED (exit code 0)
Nodes: 1
Cores per node: 128
CPU Utilized: 00:00:00
CPU Efficiency: 0.00% of 35-02:27:12 core-walltime
Job Wall-clock time: 06:34:54
Memory Utilized: 10.46 MB
Memory Efficiency: 0.00% of 218.75 GB
