********Numerical Simulation: Mode=single_halos********
Halo batch params (Rvir,Mvir,cNFW):
[[195.3424681   11.9007675   15.48444863]
 [194.97879531  11.89833964  13.51959415]
 [214.54252395  12.02291765  12.08975218]
 [199.37428206  11.9273849   11.35265197]
 [183.64964056  11.82034774  10.55165154]
 [177.88001291  11.77875895  10.30545612]
 [240.5941061   12.17223244  10.22142522]
 [209.30144442  11.99069417  10.09273464]
 [180.32118176  11.79651773  10.05675352]
 [255.14942265  12.24876126   9.80394087]
 [213.10930498  12.01418473   9.51800267]
 [192.47865208  11.8815252    9.4550728 ]
 [222.49963801  12.07036542   9.31457463]
 [246.34769058  12.20302298   9.30188562]
 [244.33141522  12.19231542   8.79795185]
 [184.67901268  11.82763012   8.55809029]
 [187.40111968  11.84669403   8.36287611]
 [202.10764251  11.9451257    8.06603798]
 [257.47239044  12.26056949   7.77063493]
 [188.26903005  11.85271415   7.69653869]
 [240.52254202  12.17184485   7.39127504]
 [207.56604357  11.97984641   7.24410871]
 [214.95037599  12.02539212   7.11221569]
 [207.31363261  11.97826108   7.07854006]
 [190.92998087  11.87099988   7.03921462]
 [240.37086032  12.17102294   6.93400558]
 [253.5523526   12.24058042   6.9286026 ]
 [209.71271559  11.99325178   6.87727775]
 [233.28108187  12.13201605   6.40366504]
 [196.2775635   11.90698947   6.00463057]
 [199.05899367  11.9253229    5.84567516]]
***********************************
halo 28/31 ; snapshot 0012
DM Particles = 141190, cells = 554
halo 28/31 ; snapshot 0013
DM Particles = 164800, cells = 673
halo 28/31 ; snapshot 0014
DM Particles = 191464, cells = 743
halo 28/31 ; snapshot 0015
DM Particles = 228595, cells = 890
halo 28/31 ; snapshot 0016
DM Particles = 260928, cells = 1016
halo 28/31 ; snapshot 0017
DM Particles = 282177, cells = 1100
halo 28/31 ; snapshot 0018
DM Particles = 301692, cells = 1191
halo 28/31 ; snapshot 0019
DM Particles = 302064, cells = 1184
halo 28/31 ; snapshot 0020
DM Particles = 320917, cells = 1247
halo 28/31 ; snapshot 0021
DM Particles = 340736, cells = 1219
halo 28/31 ; snapshot 0022
DM Particles = 350442, cells = 1268
halo 28/31 ; snapshot 0023
DM Particles = 370665, cells = 1415
halo 28/31 ; snapshot 0024
DM Particles = 382503, cells = 1464
halo 28/31 ; snapshot 0025
DM Particles = 405394, cells = 1527
halo 28/31 ; snapshot 0026
DM Particles = 419009, cells = 1569
halo 28/31 ; snapshot 0027
DM Particles = 430686, cells = 1590
halo 28/31 ; snapshot 0028
DM Particles = 437605, cells = 1653
halo 28/31 ; snapshot 0029
DM Particles = 448356, cells = 1688
halo 28/31 ; snapshot 0030
DM Particles = 462831, cells = 1751
halo 28/31 ; snapshot 0031
DM Particles = 482860, cells = 1786
halo 28/31 ; snapshot 0032
DM Particles = 504474, cells = 1856
halo 28/31 ; snapshot 0033
DM Particles = 514596, cells = 1807
halo 28/31 ; snapshot 0034
DM Particles = 528076, cells = 1919
halo 28/31 ; snapshot 0035
DM Particles = 546730, cells = 2017
halo 28/31 ; snapshot 0036
DM Particles = 559083, cells = 2066
Grid time: 57.830386911266636 min, 0.963839781854444 h.
***Running simulation: mode = single_halos***
halo=28/31, CPUs=128
Sim time: 2.219039616015895 min, 0.036983993600264914 h.
halo 29/31 ; snapshot 0012
DM Particles = 90237, cells = 330
halo 29/31 ; snapshot 0013
DM Particles = 105367, cells = 407
halo 29/31 ; snapshot 0014
DM Particles = 119203, cells = 491
halo 29/31 ; snapshot 0015
DM Particles = 138606, cells = 554
halo 29/31 ; snapshot 0016
DM Particles = 160742, cells = 631
halo 29/31 ; snapshot 0017
DM Particles = 172743, cells = 666
halo 29/31 ; snapshot 0018
DM Particles = 187934, cells = 743
halo 29/31 ; snapshot 0019
DM Particles = 199518, cells = 813
halo 29/31 ; snapshot 0020
DM Particles = 202246, cells = 799
halo 29/31 ; snapshot 0021
DM Particles = 216881, cells = 834
halo 29/31 ; snapshot 0022
DM Particles = 228461, cells = 841
halo 29/31 ; snapshot 0023
DM Particles = 250558, cells = 946
halo 29/31 ; snapshot 0024
DM Particles = 266410, cells = 1079
halo 29/31 ; snapshot 0025
DM Particles = 277560, cells = 1079
halo 29/31 ; snapshot 0026
DM Particles = 300016, cells = 1135
halo 29/31 ; snapshot 0027
DM Particles = 330681, cells = 1289
halo 29/31 ; snapshot 0028
DM Particles = 363955, cells = 1359
halo 29/31 ; snapshot 0029
DM Particles = 387566, cells = 1443
halo 29/31 ; snapshot 0030
DM Particles = 428496, cells = 1611
halo 29/31 ; snapshot 0031
DM Particles = 451049, cells = 1667
halo 29/31 ; snapshot 0032
DM Particles = 521452, cells = 1842
halo 29/31 ; snapshot 0033
DM Particles = 526007, cells = 1863
halo 29/31 ; snapshot 0034
DM Particles = 520010, cells = 1919
halo 29/31 ; snapshot 0035
DM Particles = 541070, cells = 2017
halo 29/31 ; snapshot 0036
DM Particles = 567822, cells = 2080
Grid time: 52.792269266031994 min, 0.8798711544338665 h.
***Running simulation: mode = single_halos***
halo=29/31, CPUs=128
Sim time: 1.3450698079657741 min, 0.0224178301327629 h.
halo 30/31 ; snapshot 0012
DM Particles = 38080, cells = 183
halo 30/31 ; snapshot 0013
DM Particles = 93638, cells = 386
halo 30/31 ; snapshot 0014
DM Particles = 105530, cells = 442
halo 30/31 ; snapshot 0015
DM Particles = 113690, cells = 435
halo 30/31 ; snapshot 0016
DM Particles = 122563, cells = 512
halo 30/31 ; snapshot 0017
DM Particles = 132660, cells = 547
halo 30/31 ; snapshot 0018
DM Particles = 149554, cells = 624
halo 30/31 ; snapshot 0019
DM Particles = 180073, cells = 715
halo 30/31 ; snapshot 0020
DM Particles = 201787, cells = 778
halo 30/31 ; snapshot 0021
DM Particles = 206739, cells = 827
halo 30/31 ; snapshot 0022
DM Particles = 214368, cells = 876
halo 30/31 ; snapshot 0023
DM Particles = 234516, cells = 960
halo 30/31 ; snapshot 0024
DM Particles = 253086, cells = 1016
halo 30/31 ; snapshot 0025
DM Particles = 251850, cells = 988
halo 30/31 ; snapshot 0026
DM Particles = 252065, cells = 953
halo 30/31 ; snapshot 0027
DM Particles = 264152, cells = 1065
halo 30/31 ; snapshot 0028
DM Particles = 273265, cells = 967
halo 30/31 ; snapshot 0029
DM Particles = 285016, cells = 1072
halo 30/31 ; snapshot 0030
DM Particles = 302201, cells = 1149
halo 30/31 ; snapshot 0031
DM Particles = 311819, cells = 1142
halo 30/31 ; snapshot 0032
DM Particles = 318341, cells = 1191
halo 30/31 ; snapshot 0033
DM Particles = 329409, cells = 1156
halo 30/31 ; snapshot 0034
DM Particles = 347088, cells = 1247
halo 30/31 ; snapshot 0035
DM Particles = 363517, cells = 1352
halo 30/31 ; snapshot 0036
DM Particles = 387304, cells = 1387
Grid time: 43.93104289589682 min, 0.7321840482649471 h.
***Running simulation: mode = single_halos***
halo=30/31, CPUs=128
Sim time: 1.2916282179493768 min, 0.021527136965822945 h.
halo 31/31 ; snapshot 0012
DM Particles = 72, cells = 8
halo 31/31 ; snapshot 0013
DM Particles = 72, cells = 8
halo 31/31 ; snapshot 0014
DM Particles = 74, cells = 8
halo 31/31 ; snapshot 0015
DM Particles = 74, cells = 8
halo 31/31 ; snapshot 0016
DM Particles = 81, cells = 8
halo 31/31 ; snapshot 0017
DM Particles = 81, cells = 8
halo 31/31 ; snapshot 0018
DM Particles = 79, cells = 8
halo 31/31 ; snapshot 0019
DM Particles = 72, cells = 8
halo 31/31 ; snapshot 0020
DM Particles = 80, cells = 8
halo 31/31 ; snapshot 0021
DM Particles = 79, cells = 8
halo 31/31 ; snapshot 0022
DM Particles = 83, cells = 8
halo 31/31 ; snapshot 0023
DM Particles = 89, cells = 8
halo 31/31 ; snapshot 0024
DM Particles = 138, cells = 8
halo 31/31 ; snapshot 0025
DM Particles = 161, cells = 8
halo 31/31 ; snapshot 0026
DM Particles = 180, cells = 8
halo 31/31 ; snapshot 0027
DM Particles = 106, cells = 8
halo 31/31 ; snapshot 0028
DM Particles = 113, cells = 8
halo 31/31 ; snapshot 0029

JOB STATISTICS
==============
Job ID: 2744533
Cluster: snellius
User/Group: zimmer/zimmer
State: FAILED (exit code 1)
Nodes: 1
Cores per node: 128
CPU Utilized: 18:26:39
CPU Efficiency: 4.82% of 15-23:02:24 core-walltime
Job Wall-clock time: 02:59:33
Memory Utilized: 79.58 GB
Memory Efficiency: 36.38% of 218.75 GB
